2018-06-02 09:27:57,253 [Thread-2:7800] [django.request:118] [exception:handle_uncaught_exception] [ERROR]- Internal Server Error: /
Traceback (most recent call last):
  File "F:\env\env_mysite\lib\site-packages\django\template\backends\django.py", line 61, in render
    return self.template.render(context)
  File "F:\env\env_mysite\lib\site-packages\django\template\base.py", line 175, in render
    return self._render(context)
  File "F:\env\env_mysite\lib\site-packages\django\template\base.py", line 167, in _render
    return self.nodelist.render(context)
  File "F:\env\env_mysite\lib\site-packages\django\template\base.py", line 943, in render
    bit = node.render_annotated(context)
  File "F:\env\env_mysite\lib\site-packages\django\template\base.py", line 910, in render_annotated
    return self.render(context)
  File "F:\env\env_mysite\lib\site-packages\django\template\loader_tags.py", line 132, in render
    compiled_parent = self.get_parent(context)
  File "F:\env\env_mysite\lib\site-packages\django\template\loader_tags.py", line 129, in get_parent
    return self.find_template(parent, context)
  File "F:\env\env_mysite\lib\site-packages\django\template\loader_tags.py", line 109, in find_template
    template_name, skip=history,
  File "F:\env\env_mysite\lib\site-packages\django\template\engine.py", line 130, in find_template
    raise TemplateDoesNotExist(name, tried=tried)
django.template.exceptions.TemplateDoesNotExist: base.html

The above exception was the direct cause of the following exception:

Traceback (most recent call last):
  File "F:\env\env_mysite\lib\site-packages\django\core\handlers\exception.py", line 35, in inner
    response = get_response(request)
  File "F:\env\env_mysite\lib\site-packages\django\core\handlers\base.py", line 128, in _get_response
    response = self.process_exception_by_middleware(e, request)
  File "F:\env\env_mysite\lib\site-packages\django\core\handlers\base.py", line 126, in _get_response
    response = wrapped_callback(request, *callback_args, **callback_kwargs)
  File "F:\django\blog_project\blog\views.py", line 12, in index
    return render(request,'index.html',locals())
  File "F:\env\env_mysite\lib\site-packages\django\shortcuts.py", line 36, in render
    content = loader.render_to_string(template_name, context, request, using=using)
  File "F:\env\env_mysite\lib\site-packages\django\template\loader.py", line 62, in render_to_string
    return template.render(context, request)
  File "F:\env\env_mysite\lib\site-packages\django\template\backends\django.py", line 63, in render
    reraise(exc, self.backend)
  File "F:\env\env_mysite\lib\site-packages\django\template\backends\django.py", line 84, in reraise
    raise new from exc
django.template.exceptions.TemplateDoesNotExist: base.html
2018-06-02 09:27:57,712 [Thread-3:11280] [django.request:93] [base:get_response] [WARNING]- Not Found: /favicon.ico
2018-06-02 09:30:04,910 [Thread-4:9560] [django.request:118] [exception:handle_uncaught_exception] [ERROR]- Internal Server Error: /
Traceback (most recent call last):
  File "F:\env\env_mysite\lib\site-packages\django\template\backends\django.py", line 61, in render
    return self.template.render(context)
  File "F:\env\env_mysite\lib\site-packages\django\template\base.py", line 175, in render
    return self._render(context)
  File "F:\env\env_mysite\lib\site-packages\django\template\base.py", line 167, in _render
    return self.nodelist.render(context)
  File "F:\env\env_mysite\lib\site-packages\django\template\base.py", line 943, in render
    bit = node.render_annotated(context)
  File "F:\env\env_mysite\lib\site-packages\django\template\base.py", line 910, in render_annotated
    return self.render(context)
  File "F:\env\env_mysite\lib\site-packages\django\template\loader_tags.py", line 132, in render
    compiled_parent = self.get_parent(context)
  File "F:\env\env_mysite\lib\site-packages\django\template\loader_tags.py", line 129, in get_parent
    return self.find_template(parent, context)
  File "F:\env\env_mysite\lib\site-packages\django\template\loader_tags.py", line 109, in find_template
    template_name, skip=history,
  File "F:\env\env_mysite\lib\site-packages\django\template\engine.py", line 130, in find_template
    raise TemplateDoesNotExist(name, tried=tried)
django.template.exceptions.TemplateDoesNotExist: base.html

The above exception was the direct cause of the following exception:

Traceback (most recent call last):
  File "F:\env\env_mysite\lib\site-packages\django\core\handlers\exception.py", line 35, in inner
    response = get_response(request)
  File "F:\env\env_mysite\lib\site-packages\django\core\handlers\base.py", line 128, in _get_response
    response = self.process_exception_by_middleware(e, request)
  File "F:\env\env_mysite\lib\site-packages\django\core\handlers\base.py", line 126, in _get_response
    response = wrapped_callback(request, *callback_args, **callback_kwargs)
  File "F:\django\blog_project\blog\views.py", line 12, in index
    return render(request,'index.html',locals())
  File "F:\env\env_mysite\lib\site-packages\django\shortcuts.py", line 36, in render
    content = loader.render_to_string(template_name, context, request, using=using)
  File "F:\env\env_mysite\lib\site-packages\django\template\loader.py", line 62, in render_to_string
    return template.render(context, request)
  File "F:\env\env_mysite\lib\site-packages\django\template\backends\django.py", line 63, in render
    reraise(exc, self.backend)
  File "F:\env\env_mysite\lib\site-packages\django\template\backends\django.py", line 84, in reraise
    raise new from exc
django.template.exceptions.TemplateDoesNotExist: base.html
2018-06-02 09:31:26,991 [Thread-11:17720] [django.request:118] [exception:handle_uncaught_exception] [ERROR]- Internal Server Error: /
Traceback (most recent call last):
  File "F:\env\env_mysite\lib\site-packages\django\template\backends\django.py", line 61, in render
    return self.template.render(context)
  File "F:\env\env_mysite\lib\site-packages\django\template\base.py", line 175, in render
    return self._render(context)
  File "F:\env\env_mysite\lib\site-packages\django\template\base.py", line 167, in _render
    return self.nodelist.render(context)
  File "F:\env\env_mysite\lib\site-packages\django\template\base.py", line 943, in render
    bit = node.render_annotated(context)
  File "F:\env\env_mysite\lib\site-packages\django\template\base.py", line 910, in render_annotated
    return self.render(context)
  File "F:\env\env_mysite\lib\site-packages\django\template\loader_tags.py", line 132, in render
    compiled_parent = self.get_parent(context)
  File "F:\env\env_mysite\lib\site-packages\django\template\loader_tags.py", line 129, in get_parent
    return self.find_template(parent, context)
  File "F:\env\env_mysite\lib\site-packages\django\template\loader_tags.py", line 109, in find_template
    template_name, skip=history,
  File "F:\env\env_mysite\lib\site-packages\django\template\engine.py", line 130, in find_template
    raise TemplateDoesNotExist(name, tried=tried)
django.template.exceptions.TemplateDoesNotExist: base.html

The above exception was the direct cause of the following exception:

Traceback (most recent call last):
  File "F:\env\env_mysite\lib\site-packages\django\core\handlers\exception.py", line 35, in inner
    response = get_response(request)
  File "F:\env\env_mysite\lib\site-packages\django\core\handlers\base.py", line 128, in _get_response
    response = self.process_exception_by_middleware(e, request)
  File "F:\env\env_mysite\lib\site-packages\django\core\handlers\base.py", line 126, in _get_response
    response = wrapped_callback(request, *callback_args, **callback_kwargs)
  File "F:\django\blog_project\blog\views.py", line 12, in index
    return render(request,'index.html',locals())
  File "F:\env\env_mysite\lib\site-packages\django\shortcuts.py", line 36, in render
    content = loader.render_to_string(template_name, context, request, using=using)
  File "F:\env\env_mysite\lib\site-packages\django\template\loader.py", line 62, in render_to_string
    return template.render(context, request)
  File "F:\env\env_mysite\lib\site-packages\django\template\backends\django.py", line 63, in render
    reraise(exc, self.backend)
  File "F:\env\env_mysite\lib\site-packages\django\template\backends\django.py", line 84, in reraise
    raise new from exc
django.template.exceptions.TemplateDoesNotExist: base.html
2018-06-02 09:31:42,606 [Thread-14:10288] [django.request:118] [exception:handle_uncaught_exception] [ERROR]- Internal Server Error: /
Traceback (most recent call last):
  File "F:\env\env_mysite\lib\site-packages\django\template\backends\django.py", line 61, in render
    return self.template.render(context)
  File "F:\env\env_mysite\lib\site-packages\django\template\base.py", line 175, in render
    return self._render(context)
  File "F:\env\env_mysite\lib\site-packages\django\template\base.py", line 167, in _render
    return self.nodelist.render(context)
  File "F:\env\env_mysite\lib\site-packages\django\template\base.py", line 943, in render
    bit = node.render_annotated(context)
  File "F:\env\env_mysite\lib\site-packages\django\template\base.py", line 910, in render_annotated
    return self.render(context)
  File "F:\env\env_mysite\lib\site-packages\django\template\loader_tags.py", line 58, in render
    result = self.nodelist.render(context)
  File "F:\env\env_mysite\lib\site-packages\django\template\base.py", line 943, in render
    bit = node.render_annotated(context)
  File "F:\env\env_mysite\lib\site-packages\django\template\base.py", line 910, in render_annotated
    return self.render(context)
  File "F:\env\env_mysite\lib\site-packages\django\template\loader_tags.py", line 182, in render
    template = context.template.engine.get_template(template_name)
  File "F:\env\env_mysite\lib\site-packages\django\template\engine.py", line 144, in get_template
    template, origin = self.find_template(template_name)
  File "F:\env\env_mysite\lib\site-packages\django\template\engine.py", line 130, in find_template
    raise TemplateDoesNotExist(name, tried=tried)
django.template.exceptions.TemplateDoesNotExist: ad.html

The above exception was the direct cause of the following exception:

Traceback (most recent call last):
  File "F:\env\env_mysite\lib\site-packages\django\core\handlers\exception.py", line 35, in inner
    response = get_response(request)
  File "F:\env\env_mysite\lib\site-packages\django\core\handlers\base.py", line 128, in _get_response
    response = self.process_exception_by_middleware(e, request)
  File "F:\env\env_mysite\lib\site-packages\django\core\handlers\base.py", line 126, in _get_response
    response = wrapped_callback(request, *callback_args, **callback_kwargs)
  File "F:\django\blog_project\blog\views.py", line 12, in index
    return render(request,'index.html',locals())
  File "F:\env\env_mysite\lib\site-packages\django\shortcuts.py", line 36, in render
    content = loader.render_to_string(template_name, context, request, using=using)
  File "F:\env\env_mysite\lib\site-packages\django\template\loader.py", line 62, in render_to_string
    return template.render(context, request)
  File "F:\env\env_mysite\lib\site-packages\django\template\backends\django.py", line 63, in render
    reraise(exc, self.backend)
  File "F:\env\env_mysite\lib\site-packages\django\template\backends\django.py", line 84, in reraise
    raise new from exc
django.template.exceptions.TemplateDoesNotExist: ad.html
2018-06-02 09:31:45,078 [Thread-15:11304] [django.request:118] [exception:handle_uncaught_exception] [ERROR]- Internal Server Error: /
Traceback (most recent call last):
  File "F:\env\env_mysite\lib\site-packages\django\template\backends\django.py", line 61, in render
    return self.template.render(context)
  File "F:\env\env_mysite\lib\site-packages\django\template\base.py", line 175, in render
    return self._render(context)
  File "F:\env\env_mysite\lib\site-packages\django\template\base.py", line 167, in _render
    return self.nodelist.render(context)
  File "F:\env\env_mysite\lib\site-packages\django\template\base.py", line 943, in render
    bit = node.render_annotated(context)
  File "F:\env\env_mysite\lib\site-packages\django\template\base.py", line 910, in render_annotated
    return self.render(context)
  File "F:\env\env_mysite\lib\site-packages\django\template\loader_tags.py", line 58, in render
    result = self.nodelist.render(context)
  File "F:\env\env_mysite\lib\site-packages\django\template\base.py", line 943, in render
    bit = node.render_annotated(context)
  File "F:\env\env_mysite\lib\site-packages\django\template\base.py", line 910, in render_annotated
    return self.render(context)
  File "F:\env\env_mysite\lib\site-packages\django\template\loader_tags.py", line 182, in render
    template = context.template.engine.get_template(template_name)
  File "F:\env\env_mysite\lib\site-packages\django\template\engine.py", line 144, in get_template
    template, origin = self.find_template(template_name)
  File "F:\env\env_mysite\lib\site-packages\django\template\engine.py", line 130, in find_template
    raise TemplateDoesNotExist(name, tried=tried)
django.template.exceptions.TemplateDoesNotExist: ad.html

The above exception was the direct cause of the following exception:

Traceback (most recent call last):
  File "F:\env\env_mysite\lib\site-packages\django\core\handlers\exception.py", line 35, in inner
    response = get_response(request)
  File "F:\env\env_mysite\lib\site-packages\django\core\handlers\base.py", line 128, in _get_response
    response = self.process_exception_by_middleware(e, request)
  File "F:\env\env_mysite\lib\site-packages\django\core\handlers\base.py", line 126, in _get_response
    response = wrapped_callback(request, *callback_args, **callback_kwargs)
  File "F:\django\blog_project\blog\views.py", line 12, in index
    return render(request,'index.html',locals())
  File "F:\env\env_mysite\lib\site-packages\django\shortcuts.py", line 36, in render
    content = loader.render_to_string(template_name, context, request, using=using)
  File "F:\env\env_mysite\lib\site-packages\django\template\loader.py", line 62, in render_to_string
    return template.render(context, request)
  File "F:\env\env_mysite\lib\site-packages\django\template\backends\django.py", line 63, in render
    reraise(exc, self.backend)
  File "F:\env\env_mysite\lib\site-packages\django\template\backends\django.py", line 84, in reraise
    raise new from exc
django.template.exceptions.TemplateDoesNotExist: ad.html
2018-06-02 09:34:01,156 [Thread-16:5412] [django.request:93] [base:get_response] [WARNING]- Not Found: /index
2018-06-02 09:34:28,023 [Thread-17:16312] [django.request:118] [exception:handle_uncaught_exception] [ERROR]- Internal Server Error: /
Traceback (most recent call last):
  File "F:\env\env_mysite\lib\site-packages\django\template\backends\django.py", line 61, in render
    return self.template.render(context)
  File "F:\env\env_mysite\lib\site-packages\django\template\base.py", line 175, in render
    return self._render(context)
  File "F:\env\env_mysite\lib\site-packages\django\template\base.py", line 167, in _render
    return self.nodelist.render(context)
  File "F:\env\env_mysite\lib\site-packages\django\template\base.py", line 943, in render
    bit = node.render_annotated(context)
  File "F:\env\env_mysite\lib\site-packages\django\template\base.py", line 910, in render_annotated
    return self.render(context)
  File "F:\env\env_mysite\lib\site-packages\django\template\loader_tags.py", line 132, in render
    compiled_parent = self.get_parent(context)
  File "F:\env\env_mysite\lib\site-packages\django\template\loader_tags.py", line 129, in get_parent
    return self.find_template(parent, context)
  File "F:\env\env_mysite\lib\site-packages\django\template\loader_tags.py", line 109, in find_template
    template_name, skip=history,
  File "F:\env\env_mysite\lib\site-packages\django\template\engine.py", line 130, in find_template
    raise TemplateDoesNotExist(name, tried=tried)
django.template.exceptions.TemplateDoesNotExist: base.html

The above exception was the direct cause of the following exception:

Traceback (most recent call last):
  File "F:\env\env_mysite\lib\site-packages\django\core\handlers\exception.py", line 35, in inner
    response = get_response(request)
  File "F:\env\env_mysite\lib\site-packages\django\core\handlers\base.py", line 128, in _get_response
    response = self.process_exception_by_middleware(e, request)
  File "F:\env\env_mysite\lib\site-packages\django\core\handlers\base.py", line 126, in _get_response
    response = wrapped_callback(request, *callback_args, **callback_kwargs)
  File "F:\django\blog_project\blog\views.py", line 12, in index
    return render(request,'index.html',locals())
  File "F:\env\env_mysite\lib\site-packages\django\shortcuts.py", line 36, in render
    content = loader.render_to_string(template_name, context, request, using=using)
  File "F:\env\env_mysite\lib\site-packages\django\template\loader.py", line 62, in render_to_string
    return template.render(context, request)
  File "F:\env\env_mysite\lib\site-packages\django\template\backends\django.py", line 63, in render
    reraise(exc, self.backend)
  File "F:\env\env_mysite\lib\site-packages\django\template\backends\django.py", line 84, in reraise
    raise new from exc
django.template.exceptions.TemplateDoesNotExist: base.html
2018-06-02 09:51:17,256 [Thread-2:13152] [django.request:118] [exception:handle_uncaught_exception] [ERROR]- Internal Server Error: /
Traceback (most recent call last):
  File "F:\env\env_mysite\lib\site-packages\django\core\handlers\exception.py", line 35, in inner
    response = get_response(request)
  File "F:\env\env_mysite\lib\site-packages\django\core\handlers\base.py", line 128, in _get_response
    response = self.process_exception_by_middleware(e, request)
  File "F:\env\env_mysite\lib\site-packages\django\core\handlers\base.py", line 126, in _get_response
    response = wrapped_callback(request, *callback_args, **callback_kwargs)
  File "F:\django\blog_project\blog\views.py", line 18, in index
    return render(request,'index.html',locals())
  File "F:\env\env_mysite\lib\site-packages\django\shortcuts.py", line 36, in render
    content = loader.render_to_string(template_name, context, request, using=using)
  File "F:\env\env_mysite\lib\site-packages\django\template\loader.py", line 62, in render_to_string
    return template.render(context, request)
  File "F:\env\env_mysite\lib\site-packages\django\template\backends\django.py", line 61, in render
    return self.template.render(context)
  File "F:\env\env_mysite\lib\site-packages\django\template\base.py", line 173, in render
    with context.bind_template(self):
  File "e:\python3.6\Lib\contextlib.py", line 81, in __enter__
    return next(self.gen)
  File "F:\env\env_mysite\lib\site-packages\django\template\context.py", line 250, in bind_template
    updates.update(processor(self.request))
TypeError: global_setting() takes 0 positional arguments but 1 was given
2018-06-03 09:41:10,437 [Thread-8:10332] [django.request:93] [base:get_response] [WARNING]- Not Found: /favicon.ico
2018-06-03 11:31:18,137 [Thread-2:3808] [django.request:118] [exception:handle_uncaught_exception] [ERROR]- Internal Server Error: /admin/blog/article/add/
Traceback (most recent call last):
  File "F:\env\env_mysite\lib\site-packages\django\template\backends\django.py", line 61, in render
    return self.template.render(context)
  File "F:\env\env_mysite\lib\site-packages\django\template\base.py", line 175, in render
    return self._render(context)
  File "F:\env\env_mysite\lib\site-packages\django\template\base.py", line 167, in _render
    return self.nodelist.render(context)
  File "F:\env\env_mysite\lib\site-packages\django\template\base.py", line 943, in render
    bit = node.render_annotated(context)
  File "F:\env\env_mysite\lib\site-packages\django\template\base.py", line 910, in render_annotated
    return self.render(context)
  File "F:\env\env_mysite\lib\site-packages\django\template\loader_tags.py", line 155, in render
    return compiled_parent._render(context)
  File "F:\env\env_mysite\lib\site-packages\django\template\base.py", line 167, in _render
    return self.nodelist.render(context)
  File "F:\env\env_mysite\lib\site-packages\django\template\base.py", line 943, in render
    bit = node.render_annotated(context)
  File "F:\env\env_mysite\lib\site-packages\django\template\base.py", line 910, in render_annotated
    return self.render(context)
  File "F:\env\env_mysite\lib\site-packages\django\template\loader_tags.py", line 155, in render
    return compiled_parent._render(context)
  File "F:\env\env_mysite\lib\site-packages\django\template\base.py", line 167, in _render
    return self.nodelist.render(context)
  File "F:\env\env_mysite\lib\site-packages\django\template\base.py", line 943, in render
    bit = node.render_annotated(context)
  File "F:\env\env_mysite\lib\site-packages\django\template\base.py", line 910, in render_annotated
    return self.render(context)
  File "F:\env\env_mysite\lib\site-packages\django\template\loader_tags.py", line 67, in render
    result = block.nodelist.render(context)
  File "F:\env\env_mysite\lib\site-packages\django\template\base.py", line 943, in render
    bit = node.render_annotated(context)
  File "F:\env\env_mysite\lib\site-packages\django\template\base.py", line 910, in render_annotated
    return self.render(context)
  File "F:\env\env_mysite\lib\site-packages\django\template\loader_tags.py", line 67, in render
    result = block.nodelist.render(context)
  File "F:\env\env_mysite\lib\site-packages\django\template\base.py", line 943, in render
    bit = node.render_annotated(context)
  File "F:\env\env_mysite\lib\site-packages\django\template\base.py", line 910, in render_annotated
    return self.render(context)
  File "F:\env\env_mysite\lib\site-packages\django\template\defaulttags.py", line 211, in render
    nodelist.append(node.render_annotated(context))
  File "F:\env\env_mysite\lib\site-packages\django\template\base.py", line 910, in render_annotated
    return self.render(context)
  File "F:\env\env_mysite\lib\site-packages\django\template\loader_tags.py", line 194, in render
    return template.render(context)
  File "F:\env\env_mysite\lib\site-packages\django\template\base.py", line 177, in render
    return self._render(context)
  File "F:\env\env_mysite\lib\site-packages\django\template\base.py", line 167, in _render
    return self.nodelist.render(context)
  File "F:\env\env_mysite\lib\site-packages\django\template\base.py", line 943, in render
    bit = node.render_annotated(context)
  File "F:\env\env_mysite\lib\site-packages\django\template\base.py", line 910, in render_annotated
    return self.render(context)
  File "F:\env\env_mysite\lib\site-packages\django\template\defaulttags.py", line 211, in render
    nodelist.append(node.render_annotated(context))
  File "F:\env\env_mysite\lib\site-packages\django\template\base.py", line 910, in render_annotated
    return self.render(context)
  File "F:\env\env_mysite\lib\site-packages\django\template\defaulttags.py", line 211, in render
    nodelist.append(node.render_annotated(context))
  File "F:\env\env_mysite\lib\site-packages\django\template\base.py", line 910, in render_annotated
    return self.render(context)
  File "F:\env\env_mysite\lib\site-packages\django\template\defaulttags.py", line 314, in render
    return nodelist.render(context)
  File "F:\env\env_mysite\lib\site-packages\django\template\base.py", line 943, in render
    bit = node.render_annotated(context)
  File "F:\env\env_mysite\lib\site-packages\django\template\base.py", line 910, in render_annotated
    return self.render(context)
  File "F:\env\env_mysite\lib\site-packages\django\template\defaulttags.py", line 314, in render
    return nodelist.render(context)
  File "F:\env\env_mysite\lib\site-packages\django\template\base.py", line 943, in render
    bit = node.render_annotated(context)
  File "F:\env\env_mysite\lib\site-packages\django\template\base.py", line 910, in render_annotated
    return self.render(context)
  File "F:\env\env_mysite\lib\site-packages\django\template\base.py", line 999, in render
    return render_value_in_context(output, context)
  File "F:\env\env_mysite\lib\site-packages\django\template\base.py", line 978, in render_value_in_context
    value = str(value)
  File "F:\env\env_mysite\lib\site-packages\django\utils\html.py", line 380, in <lambda>
    klass.__str__ = lambda self: mark_safe(klass_str(self))
  File "F:\env\env_mysite\lib\site-packages\django\forms\boundfield.py", line 36, in __str__
    return self.as_widget()
  File "F:\env\env_mysite\lib\site-packages\django\forms\boundfield.py", line 118, in as_widget
    **kwargs
  File "F:\env\env_mysite\lib\site-packages\ckeditor\widgets.py", line 127, in render
    'external_plugin_resources': json_encode(external_plugin_resources)
  File "F:\env\env_mysite\lib\site-packages\django\template\loader.py", line 61, in render_to_string
    template = get_template(template_name, using=using)
  File "F:\env\env_mysite\lib\site-packages\django\template\loader.py", line 19, in get_template
    raise TemplateDoesNotExist(template_name, chain=chain)
django.template.exceptions.TemplateDoesNotExist: ckeditor/widget.html

The above exception was the direct cause of the following exception:

Traceback (most recent call last):
  File "F:\env\env_mysite\lib\site-packages\django\core\handlers\exception.py", line 35, in inner
    response = get_response(request)
  File "F:\env\env_mysite\lib\site-packages\django\core\handlers\base.py", line 158, in _get_response
    response = self.process_exception_by_middleware(e, request)
  File "F:\env\env_mysite\lib\site-packages\django\core\handlers\base.py", line 156, in _get_response
    response = response.render()
  File "F:\env\env_mysite\lib\site-packages\django\template\response.py", line 106, in render
    self.content = self.rendered_content
  File "F:\env\env_mysite\lib\site-packages\django\template\response.py", line 83, in rendered_content
    content = template.render(context, self._request)
  File "F:\env\env_mysite\lib\site-packages\django\template\backends\django.py", line 63, in render
    reraise(exc, self.backend)
  File "F:\env\env_mysite\lib\site-packages\django\template\backends\django.py", line 84, in reraise
    raise new from exc
django.template.exceptions.TemplateDoesNotExist: ckeditor/widget.html
2018-06-03 11:39:41,646 [Thread-2:6580] [django.request:118] [exception:handle_uncaught_exception] [ERROR]- Internal Server Error: /admin/blog/article/add/
Traceback (most recent call last):
  File "F:\env\env_mysite\lib\site-packages\django\core\handlers\exception.py", line 35, in inner
    response = get_response(request)
  File "F:\env\env_mysite\lib\site-packages\django\core\handlers\base.py", line 128, in _get_response
    response = self.process_exception_by_middleware(e, request)
  File "F:\env\env_mysite\lib\site-packages\django\core\handlers\base.py", line 126, in _get_response
    response = wrapped_callback(request, *callback_args, **callback_kwargs)
  File "F:\env\env_mysite\lib\site-packages\django\contrib\admin\options.py", line 574, in wrapper
    return self.admin_site.admin_view(view)(*args, **kwargs)
  File "F:\env\env_mysite\lib\site-packages\django\utils\decorators.py", line 142, in _wrapped_view
    response = view_func(request, *args, **kwargs)
  File "F:\env\env_mysite\lib\site-packages\django\views\decorators\cache.py", line 44, in _wrapped_view_func
    response = view_func(request, *args, **kwargs)
  File "F:\env\env_mysite\lib\site-packages\django\contrib\admin\sites.py", line 223, in inner
    return view(request, *args, **kwargs)
  File "F:\env\env_mysite\lib\site-packages\django\contrib\admin\options.py", line 1553, in add_view
    return self.changeform_view(request, None, form_url, extra_context)
  File "F:\env\env_mysite\lib\site-packages\django\utils\decorators.py", line 62, in _wrapper
    return bound_func(*args, **kwargs)
  File "F:\env\env_mysite\lib\site-packages\django\utils\decorators.py", line 142, in _wrapped_view
    response = view_func(request, *args, **kwargs)
  File "F:\env\env_mysite\lib\site-packages\django\utils\decorators.py", line 58, in bound_func
    return func.__get__(self, type(self))(*args2, **kwargs2)
  File "F:\env\env_mysite\lib\site-packages\django\contrib\admin\options.py", line 1450, in changeform_view
    return self._changeform_view(request, object_id, form_url, extra_context)
  File "F:\env\env_mysite\lib\site-packages\django\contrib\admin\options.py", line 1479, in _changeform_view
    ModelForm = self.get_form(request, obj)
  File "F:\env\env_mysite\lib\site-packages\django\contrib\admin\options.py", line 668, in get_form
    return modelform_factory(self.model, **defaults)
  File "F:\env\env_mysite\lib\site-packages\django\forms\models.py", line 549, in modelform_factory
    return type(form)(class_name, (form,), form_class_attrs)
  File "F:\env\env_mysite\lib\site-packages\django\forms\models.py", line 256, in __new__
    apply_limit_choices_to=False,
  File "F:\env\env_mysite\lib\site-packages\django\forms\models.py", line 176, in fields_for_model
    formfield = formfield_callback(f, **kwargs)
  File "F:\env\env_mysite\lib\site-packages\django\contrib\admin\options.py", line 180, in formfield_for_dbfield
    return db_field.formfield(**kwargs)
  File "F:\env\env_mysite\lib\site-packages\ckeditor\fields.py", line 25, in formfield
    return super(RichTextField, self).formfield(**defaults)
  File "F:\env\env_mysite\lib\site-packages\django\db\models\fields\__init__.py", line 2127, in formfield
    return super().formfield(**defaults)
  File "F:\env\env_mysite\lib\site-packages\django\db\models\fields\__init__.py", line 874, in formfield
    return form_class(**defaults)
  File "F:\env\env_mysite\lib\site-packages\ckeditor\fields.py", line 36, in __init__
    external_plugin_resources=external_plugin_resources)})
  File "F:\env\env_mysite\lib\site-packages\ckeditor\widgets.py", line 102, in __init__
    config_name)
django.core.exceptions.ImproperlyConfigured: No configuration named 'default'                             found in your CKEDITOR_CONFIGS setting.
2018-06-03 11:39:54,173 [Thread-3:19116] [django.request:118] [exception:handle_uncaught_exception] [ERROR]- Internal Server Error: /admin/
Traceback (most recent call last):
  File "F:\env\env_mysite\lib\site-packages\django\utils\module_loading.py", line 13, in import_string
    module_path, class_name = dotted_path.rsplit('.', 1)
ValueError: not enough values to unpack (expected 2, got 1)

The above exception was the direct cause of the following exception:

Traceback (most recent call last):
  File "F:\env\env_mysite\lib\site-packages\django\core\handlers\exception.py", line 35, in inner
    response = get_response(request)
  File "F:\env\env_mysite\lib\site-packages\django\core\handlers\base.py", line 158, in _get_response
    response = self.process_exception_by_middleware(e, request)
  File "F:\env\env_mysite\lib\site-packages\django\core\handlers\base.py", line 156, in _get_response
    response = response.render()
  File "F:\env\env_mysite\lib\site-packages\django\template\response.py", line 106, in render
    self.content = self.rendered_content
  File "F:\env\env_mysite\lib\site-packages\django\template\response.py", line 83, in rendered_content
    content = template.render(context, self._request)
  File "F:\env\env_mysite\lib\site-packages\django\template\backends\django.py", line 61, in render
    return self.template.render(context)
  File "F:\env\env_mysite\lib\site-packages\django\template\base.py", line 173, in render
    with context.bind_template(self):
  File "e:\python3.6\Lib\contextlib.py", line 81, in __enter__
    return next(self.gen)
  File "F:\env\env_mysite\lib\site-packages\django\template\context.py", line 246, in bind_template
    processors = (template.engine.template_context_processors +
  File "F:\env\env_mysite\lib\site-packages\django\utils\functional.py", line 36, in __get__
    res = instance.__dict__[self.name] = self.func(instance)
  File "F:\env\env_mysite\lib\site-packages\django\template\engine.py", line 85, in template_context_processors
    return tuple(import_string(path) for path in context_processors)
  File "F:\env\env_mysite\lib\site-packages\django\template\engine.py", line 85, in <genexpr>
    return tuple(import_string(path) for path in context_processors)
  File "F:\env\env_mysite\lib\site-packages\django\utils\module_loading.py", line 15, in import_string
    raise ImportError("%s doesn't look like a module path" % dotted_path) from err
ImportError: ckeditor doesn't look like a module path
2018-06-03 11:40:19,444 [Thread-2:6240] [django.request:118] [exception:handle_uncaught_exception] [ERROR]- Internal Server Error: /admin/
Traceback (most recent call last):
  File "F:\env\env_mysite\lib\site-packages\django\utils\module_loading.py", line 13, in import_string
    module_path, class_name = dotted_path.rsplit('.', 1)
ValueError: not enough values to unpack (expected 2, got 1)

The above exception was the direct cause of the following exception:

Traceback (most recent call last):
  File "F:\env\env_mysite\lib\site-packages\django\core\handlers\exception.py", line 35, in inner
    response = get_response(request)
  File "F:\env\env_mysite\lib\site-packages\django\core\handlers\base.py", line 158, in _get_response
    response = self.process_exception_by_middleware(e, request)
  File "F:\env\env_mysite\lib\site-packages\django\core\handlers\base.py", line 156, in _get_response
    response = response.render()
  File "F:\env\env_mysite\lib\site-packages\django\template\response.py", line 106, in render
    self.content = self.rendered_content
  File "F:\env\env_mysite\lib\site-packages\django\template\response.py", line 83, in rendered_content
    content = template.render(context, self._request)
  File "F:\env\env_mysite\lib\site-packages\django\template\backends\django.py", line 61, in render
    return self.template.render(context)
  File "F:\env\env_mysite\lib\site-packages\django\template\base.py", line 173, in render
    with context.bind_template(self):
  File "e:\python3.6\Lib\contextlib.py", line 81, in __enter__
    return next(self.gen)
  File "F:\env\env_mysite\lib\site-packages\django\template\context.py", line 246, in bind_template
    processors = (template.engine.template_context_processors +
  File "F:\env\env_mysite\lib\site-packages\django\utils\functional.py", line 36, in __get__
    res = instance.__dict__[self.name] = self.func(instance)
  File "F:\env\env_mysite\lib\site-packages\django\template\engine.py", line 85, in template_context_processors
    return tuple(import_string(path) for path in context_processors)
  File "F:\env\env_mysite\lib\site-packages\django\template\engine.py", line 85, in <genexpr>
    return tuple(import_string(path) for path in context_processors)
  File "F:\env\env_mysite\lib\site-packages\django\utils\module_loading.py", line 15, in import_string
    raise ImportError("%s doesn't look like a module path" % dotted_path) from err
ImportError: ckeditor doesn't look like a module path
2018-06-03 11:42:35,929 [Thread-2:18928] [django.request:118] [exception:handle_uncaught_exception] [ERROR]- Internal Server Error: /admin/blog/article/add/
Traceback (most recent call last):
  File "F:\env\env_mysite\lib\site-packages\django\core\handlers\exception.py", line 35, in inner
    response = get_response(request)
  File "F:\env\env_mysite\lib\site-packages\django\core\handlers\base.py", line 128, in _get_response
    response = self.process_exception_by_middleware(e, request)
  File "F:\env\env_mysite\lib\site-packages\django\core\handlers\base.py", line 126, in _get_response
    response = wrapped_callback(request, *callback_args, **callback_kwargs)
  File "F:\env\env_mysite\lib\site-packages\django\contrib\admin\options.py", line 574, in wrapper
    return self.admin_site.admin_view(view)(*args, **kwargs)
  File "F:\env\env_mysite\lib\site-packages\django\utils\decorators.py", line 142, in _wrapped_view
    response = view_func(request, *args, **kwargs)
  File "F:\env\env_mysite\lib\site-packages\django\views\decorators\cache.py", line 44, in _wrapped_view_func
    response = view_func(request, *args, **kwargs)
  File "F:\env\env_mysite\lib\site-packages\django\contrib\admin\sites.py", line 223, in inner
    return view(request, *args, **kwargs)
  File "F:\env\env_mysite\lib\site-packages\django\contrib\admin\options.py", line 1553, in add_view
    return self.changeform_view(request, None, form_url, extra_context)
  File "F:\env\env_mysite\lib\site-packages\django\utils\decorators.py", line 62, in _wrapper
    return bound_func(*args, **kwargs)
  File "F:\env\env_mysite\lib\site-packages\django\utils\decorators.py", line 142, in _wrapped_view
    response = view_func(request, *args, **kwargs)
  File "F:\env\env_mysite\lib\site-packages\django\utils\decorators.py", line 58, in bound_func
    return func.__get__(self, type(self))(*args2, **kwargs2)
  File "F:\env\env_mysite\lib\site-packages\django\contrib\admin\options.py", line 1450, in changeform_view
    return self._changeform_view(request, object_id, form_url, extra_context)
  File "F:\env\env_mysite\lib\site-packages\django\contrib\admin\options.py", line 1479, in _changeform_view
    ModelForm = self.get_form(request, obj)
  File "F:\env\env_mysite\lib\site-packages\django\contrib\admin\options.py", line 668, in get_form
    return modelform_factory(self.model, **defaults)
  File "F:\env\env_mysite\lib\site-packages\django\forms\models.py", line 549, in modelform_factory
    return type(form)(class_name, (form,), form_class_attrs)
  File "F:\env\env_mysite\lib\site-packages\django\forms\models.py", line 256, in __new__
    apply_limit_choices_to=False,
  File "F:\env\env_mysite\lib\site-packages\django\forms\models.py", line 176, in fields_for_model
    formfield = formfield_callback(f, **kwargs)
  File "F:\env\env_mysite\lib\site-packages\django\contrib\admin\options.py", line 180, in formfield_for_dbfield
    return db_field.formfield(**kwargs)
  File "F:\env\env_mysite\lib\site-packages\ckeditor\fields.py", line 25, in formfield
    return super(RichTextField, self).formfield(**defaults)
  File "F:\env\env_mysite\lib\site-packages\django\db\models\fields\__init__.py", line 2127, in formfield
    return super().formfield(**defaults)
  File "F:\env\env_mysite\lib\site-packages\django\db\models\fields\__init__.py", line 874, in formfield
    return form_class(**defaults)
  File "F:\env\env_mysite\lib\site-packages\ckeditor\fields.py", line 36, in __init__
    external_plugin_resources=external_plugin_resources)})
  File "F:\env\env_mysite\lib\site-packages\ckeditor\widgets.py", line 102, in __init__
    config_name)
django.core.exceptions.ImproperlyConfigured: No configuration named 'default'                             found in your CKEDITOR_CONFIGS setting.
2018-06-03 15:34:35,796 [Thread-19:4080] [django.request:118] [exception:handle_uncaught_exception] [ERROR]- Internal Server Error: /admin/blog/article/add/
Traceback (most recent call last):
  File "F:\env\env_mysite\lib\site-packages\django\db\backends\utils.py", line 85, in _execute
    return self.cursor.execute(sql, params)
  File "F:\env\env_mysite\lib\site-packages\django\db\backends\mysql\base.py", line 71, in execute
    return self.cursor.execute(query, args)
  File "F:\env\env_mysite\lib\site-packages\pymysql\cursors.py", line 170, in execute
    result = self._query(query)
  File "F:\env\env_mysite\lib\site-packages\pymysql\cursors.py", line 328, in _query
    conn.query(q)
  File "F:\env\env_mysite\lib\site-packages\pymysql\connections.py", line 893, in query
    self._affected_rows = self._read_query_result(unbuffered=unbuffered)
  File "F:\env\env_mysite\lib\site-packages\pymysql\connections.py", line 1103, in _read_query_result
    result.read()
  File "F:\env\env_mysite\lib\site-packages\pymysql\connections.py", line 1396, in read
    first_packet = self.connection._read_packet()
  File "F:\env\env_mysite\lib\site-packages\pymysql\connections.py", line 1059, in _read_packet
    packet.check_error()
  File "F:\env\env_mysite\lib\site-packages\pymysql\connections.py", line 384, in check_error
    err.raise_mysql_exception(self._data)
  File "F:\env\env_mysite\lib\site-packages\pymysql\err.py", line 109, in raise_mysql_exception
    raise errorclass(errno, errval)
pymysql.err.IntegrityError: (1048, "Column 'user_id' cannot be null")

The above exception was the direct cause of the following exception:

Traceback (most recent call last):
  File "F:\env\env_mysite\lib\site-packages\django\core\handlers\exception.py", line 35, in inner
    response = get_response(request)
  File "F:\env\env_mysite\lib\site-packages\django\core\handlers\base.py", line 128, in _get_response
    response = self.process_exception_by_middleware(e, request)
  File "F:\env\env_mysite\lib\site-packages\django\core\handlers\base.py", line 126, in _get_response
    response = wrapped_callback(request, *callback_args, **callback_kwargs)
  File "F:\env\env_mysite\lib\site-packages\django\contrib\admin\options.py", line 574, in wrapper
    return self.admin_site.admin_view(view)(*args, **kwargs)
  File "F:\env\env_mysite\lib\site-packages\django\utils\decorators.py", line 142, in _wrapped_view
    response = view_func(request, *args, **kwargs)
  File "F:\env\env_mysite\lib\site-packages\django\views\decorators\cache.py", line 44, in _wrapped_view_func
    response = view_func(request, *args, **kwargs)
  File "F:\env\env_mysite\lib\site-packages\django\contrib\admin\sites.py", line 223, in inner
    return view(request, *args, **kwargs)
  File "F:\env\env_mysite\lib\site-packages\django\contrib\admin\options.py", line 1553, in add_view
    return self.changeform_view(request, None, form_url, extra_context)
  File "F:\env\env_mysite\lib\site-packages\django\utils\decorators.py", line 62, in _wrapper
    return bound_func(*args, **kwargs)
  File "F:\env\env_mysite\lib\site-packages\django\utils\decorators.py", line 142, in _wrapped_view
    response = view_func(request, *args, **kwargs)
  File "F:\env\env_mysite\lib\site-packages\django\utils\decorators.py", line 58, in bound_func
    return func.__get__(self, type(self))(*args2, **kwargs2)
  File "F:\env\env_mysite\lib\site-packages\django\contrib\admin\options.py", line 1450, in changeform_view
    return self._changeform_view(request, object_id, form_url, extra_context)
  File "F:\env\env_mysite\lib\site-packages\django\contrib\admin\options.py", line 1490, in _changeform_view
    self.save_model(request, new_object, form, not add)
  File "F:\env\env_mysite\lib\site-packages\django\contrib\admin\options.py", line 1026, in save_model
    obj.save()
  File "F:\env\env_mysite\lib\site-packages\django\db\models\base.py", line 729, in save
    force_update=force_update, update_fields=update_fields)
  File "F:\env\env_mysite\lib\site-packages\django\db\models\base.py", line 759, in save_base
    updated = self._save_table(raw, cls, force_insert, force_update, using, update_fields)
  File "F:\env\env_mysite\lib\site-packages\django\db\models\base.py", line 842, in _save_table
    result = self._do_insert(cls._base_manager, using, fields, update_pk, raw)
  File "F:\env\env_mysite\lib\site-packages\django\db\models\base.py", line 880, in _do_insert
    using=using, raw=raw)
  File "F:\env\env_mysite\lib\site-packages\django\db\models\manager.py", line 82, in manager_method
    return getattr(self.get_queryset(), name)(*args, **kwargs)
  File "F:\env\env_mysite\lib\site-packages\django\db\models\query.py", line 1125, in _insert
    return query.get_compiler(using=using).execute_sql(return_id)
  File "F:\env\env_mysite\lib\site-packages\django\db\models\sql\compiler.py", line 1283, in execute_sql
    cursor.execute(sql, params)
  File "F:\env\env_mysite\lib\site-packages\django\db\backends\utils.py", line 100, in execute
    return super().execute(sql, params)
  File "F:\env\env_mysite\lib\site-packages\django\db\backends\utils.py", line 68, in execute
    return self._execute_with_wrappers(sql, params, many=False, executor=self._execute)
  File "F:\env\env_mysite\lib\site-packages\django\db\backends\utils.py", line 77, in _execute_with_wrappers
    return executor(sql, params, many, context)
  File "F:\env\env_mysite\lib\site-packages\django\db\backends\utils.py", line 85, in _execute
    return self.cursor.execute(sql, params)
  File "F:\env\env_mysite\lib\site-packages\django\db\utils.py", line 89, in __exit__
    raise dj_exc_value.with_traceback(traceback) from exc_value
  File "F:\env\env_mysite\lib\site-packages\django\db\backends\utils.py", line 85, in _execute
    return self.cursor.execute(sql, params)
  File "F:\env\env_mysite\lib\site-packages\django\db\backends\mysql\base.py", line 71, in execute
    return self.cursor.execute(query, args)
  File "F:\env\env_mysite\lib\site-packages\pymysql\cursors.py", line 170, in execute
    result = self._query(query)
  File "F:\env\env_mysite\lib\site-packages\pymysql\cursors.py", line 328, in _query
    conn.query(q)
  File "F:\env\env_mysite\lib\site-packages\pymysql\connections.py", line 893, in query
    self._affected_rows = self._read_query_result(unbuffered=unbuffered)
  File "F:\env\env_mysite\lib\site-packages\pymysql\connections.py", line 1103, in _read_query_result
    result.read()
  File "F:\env\env_mysite\lib\site-packages\pymysql\connections.py", line 1396, in read
    first_packet = self.connection._read_packet()
  File "F:\env\env_mysite\lib\site-packages\pymysql\connections.py", line 1059, in _read_packet
    packet.check_error()
  File "F:\env\env_mysite\lib\site-packages\pymysql\connections.py", line 384, in check_error
    err.raise_mysql_exception(self._data)
  File "F:\env\env_mysite\lib\site-packages\pymysql\err.py", line 109, in raise_mysql_exception
    raise errorclass(errno, errval)
django.db.utils.IntegrityError: (1048, "Column 'user_id' cannot be null")
2018-06-03 15:34:59,036 [Thread-21:10656] [django.request:118] [exception:handle_uncaught_exception] [ERROR]- Internal Server Error: /admin/blog/article/add/
Traceback (most recent call last):
  File "F:\env\env_mysite\lib\site-packages\django\db\backends\utils.py", line 85, in _execute
    return self.cursor.execute(sql, params)
  File "F:\env\env_mysite\lib\site-packages\django\db\backends\mysql\base.py", line 71, in execute
    return self.cursor.execute(query, args)
  File "F:\env\env_mysite\lib\site-packages\pymysql\cursors.py", line 170, in execute
    result = self._query(query)
  File "F:\env\env_mysite\lib\site-packages\pymysql\cursors.py", line 328, in _query
    conn.query(q)
  File "F:\env\env_mysite\lib\site-packages\pymysql\connections.py", line 893, in query
    self._affected_rows = self._read_query_result(unbuffered=unbuffered)
  File "F:\env\env_mysite\lib\site-packages\pymysql\connections.py", line 1103, in _read_query_result
    result.read()
  File "F:\env\env_mysite\lib\site-packages\pymysql\connections.py", line 1396, in read
    first_packet = self.connection._read_packet()
  File "F:\env\env_mysite\lib\site-packages\pymysql\connections.py", line 1059, in _read_packet
    packet.check_error()
  File "F:\env\env_mysite\lib\site-packages\pymysql\connections.py", line 384, in check_error
    err.raise_mysql_exception(self._data)
  File "F:\env\env_mysite\lib\site-packages\pymysql\err.py", line 109, in raise_mysql_exception
    raise errorclass(errno, errval)
pymysql.err.IntegrityError: (1048, "Column 'user_id' cannot be null")

The above exception was the direct cause of the following exception:

Traceback (most recent call last):
  File "F:\env\env_mysite\lib\site-packages\django\core\handlers\exception.py", line 35, in inner
    response = get_response(request)
  File "F:\env\env_mysite\lib\site-packages\django\core\handlers\base.py", line 128, in _get_response
    response = self.process_exception_by_middleware(e, request)
  File "F:\env\env_mysite\lib\site-packages\django\core\handlers\base.py", line 126, in _get_response
    response = wrapped_callback(request, *callback_args, **callback_kwargs)
  File "F:\env\env_mysite\lib\site-packages\django\contrib\admin\options.py", line 574, in wrapper
    return self.admin_site.admin_view(view)(*args, **kwargs)
  File "F:\env\env_mysite\lib\site-packages\django\utils\decorators.py", line 142, in _wrapped_view
    response = view_func(request, *args, **kwargs)
  File "F:\env\env_mysite\lib\site-packages\django\views\decorators\cache.py", line 44, in _wrapped_view_func
    response = view_func(request, *args, **kwargs)
  File "F:\env\env_mysite\lib\site-packages\django\contrib\admin\sites.py", line 223, in inner
    return view(request, *args, **kwargs)
  File "F:\env\env_mysite\lib\site-packages\django\contrib\admin\options.py", line 1553, in add_view
    return self.changeform_view(request, None, form_url, extra_context)
  File "F:\env\env_mysite\lib\site-packages\django\utils\decorators.py", line 62, in _wrapper
    return bound_func(*args, **kwargs)
  File "F:\env\env_mysite\lib\site-packages\django\utils\decorators.py", line 142, in _wrapped_view
    response = view_func(request, *args, **kwargs)
  File "F:\env\env_mysite\lib\site-packages\django\utils\decorators.py", line 58, in bound_func
    return func.__get__(self, type(self))(*args2, **kwargs2)
  File "F:\env\env_mysite\lib\site-packages\django\contrib\admin\options.py", line 1450, in changeform_view
    return self._changeform_view(request, object_id, form_url, extra_context)
  File "F:\env\env_mysite\lib\site-packages\django\contrib\admin\options.py", line 1490, in _changeform_view
    self.save_model(request, new_object, form, not add)
  File "F:\env\env_mysite\lib\site-packages\django\contrib\admin\options.py", line 1026, in save_model
    obj.save()
  File "F:\env\env_mysite\lib\site-packages\django\db\models\base.py", line 729, in save
    force_update=force_update, update_fields=update_fields)
  File "F:\env\env_mysite\lib\site-packages\django\db\models\base.py", line 759, in save_base
    updated = self._save_table(raw, cls, force_insert, force_update, using, update_fields)
  File "F:\env\env_mysite\lib\site-packages\django\db\models\base.py", line 842, in _save_table
    result = self._do_insert(cls._base_manager, using, fields, update_pk, raw)
  File "F:\env\env_mysite\lib\site-packages\django\db\models\base.py", line 880, in _do_insert
    using=using, raw=raw)
  File "F:\env\env_mysite\lib\site-packages\django\db\models\manager.py", line 82, in manager_method
    return getattr(self.get_queryset(), name)(*args, **kwargs)
  File "F:\env\env_mysite\lib\site-packages\django\db\models\query.py", line 1125, in _insert
    return query.get_compiler(using=using).execute_sql(return_id)
  File "F:\env\env_mysite\lib\site-packages\django\db\models\sql\compiler.py", line 1283, in execute_sql
    cursor.execute(sql, params)
  File "F:\env\env_mysite\lib\site-packages\django\db\backends\utils.py", line 100, in execute
    return super().execute(sql, params)
  File "F:\env\env_mysite\lib\site-packages\django\db\backends\utils.py", line 68, in execute
    return self._execute_with_wrappers(sql, params, many=False, executor=self._execute)
  File "F:\env\env_mysite\lib\site-packages\django\db\backends\utils.py", line 77, in _execute_with_wrappers
    return executor(sql, params, many, context)
  File "F:\env\env_mysite\lib\site-packages\django\db\backends\utils.py", line 85, in _execute
    return self.cursor.execute(sql, params)
  File "F:\env\env_mysite\lib\site-packages\django\db\utils.py", line 89, in __exit__
    raise dj_exc_value.with_traceback(traceback) from exc_value
  File "F:\env\env_mysite\lib\site-packages\django\db\backends\utils.py", line 85, in _execute
    return self.cursor.execute(sql, params)
  File "F:\env\env_mysite\lib\site-packages\django\db\backends\mysql\base.py", line 71, in execute
    return self.cursor.execute(query, args)
  File "F:\env\env_mysite\lib\site-packages\pymysql\cursors.py", line 170, in execute
    result = self._query(query)
  File "F:\env\env_mysite\lib\site-packages\pymysql\cursors.py", line 328, in _query
    conn.query(q)
  File "F:\env\env_mysite\lib\site-packages\pymysql\connections.py", line 893, in query
    self._affected_rows = self._read_query_result(unbuffered=unbuffered)
  File "F:\env\env_mysite\lib\site-packages\pymysql\connections.py", line 1103, in _read_query_result
    result.read()
  File "F:\env\env_mysite\lib\site-packages\pymysql\connections.py", line 1396, in read
    first_packet = self.connection._read_packet()
  File "F:\env\env_mysite\lib\site-packages\pymysql\connections.py", line 1059, in _read_packet
    packet.check_error()
  File "F:\env\env_mysite\lib\site-packages\pymysql\connections.py", line 384, in check_error
    err.raise_mysql_exception(self._data)
  File "F:\env\env_mysite\lib\site-packages\pymysql\err.py", line 109, in raise_mysql_exception
    raise errorclass(errno, errval)
django.db.utils.IntegrityError: (1048, "Column 'user_id' cannot be null")
2018-06-04 09:50:01,599 [Thread-2:5760] [django.request:118] [exception:handle_uncaught_exception] [ERROR]- Internal Server Error: /
Traceback (most recent call last):
  File "F:\env\env_mysite\lib\site-packages\django\template\backends\django.py", line 61, in render
    return self.template.render(context)
  File "F:\env\env_mysite\lib\site-packages\django\template\base.py", line 175, in render
    return self._render(context)
  File "F:\env\env_mysite\lib\site-packages\django\template\base.py", line 167, in _render
    return self.nodelist.render(context)
  File "F:\env\env_mysite\lib\site-packages\django\template\base.py", line 943, in render
    bit = node.render_annotated(context)
  File "F:\env\env_mysite\lib\site-packages\django\template\base.py", line 910, in render_annotated
    return self.render(context)
  File "F:\env\env_mysite\lib\site-packages\django\template\loader_tags.py", line 155, in render
    return compiled_parent._render(context)
  File "F:\env\env_mysite\lib\site-packages\django\template\base.py", line 167, in _render
    return self.nodelist.render(context)
  File "F:\env\env_mysite\lib\site-packages\django\template\base.py", line 943, in render
    bit = node.render_annotated(context)
  File "F:\env\env_mysite\lib\site-packages\django\template\base.py", line 910, in render_annotated
    return self.render(context)
  File "F:\env\env_mysite\lib\site-packages\django\template\loader_tags.py", line 67, in render
    result = block.nodelist.render(context)
  File "F:\env\env_mysite\lib\site-packages\django\template\base.py", line 943, in render
    bit = node.render_annotated(context)
  File "F:\env\env_mysite\lib\site-packages\django\template\base.py", line 910, in render_annotated
    return self.render(context)
  File "F:\env\env_mysite\lib\site-packages\django\template\loader_tags.py", line 182, in render
    template = context.template.engine.get_template(template_name)
  File "F:\env\env_mysite\lib\site-packages\django\template\engine.py", line 144, in get_template
    template, origin = self.find_template(template_name)
  File "F:\env\env_mysite\lib\site-packages\django\template\engine.py", line 130, in find_template
    raise TemplateDoesNotExist(name, tried=tried)
django.template.exceptions.TemplateDoesNotExist: ad.html

The above exception was the direct cause of the following exception:

Traceback (most recent call last):
  File "F:\env\env_mysite\lib\site-packages\django\core\handlers\exception.py", line 35, in inner
    response = get_response(request)
  File "F:\env\env_mysite\lib\site-packages\django\core\handlers\base.py", line 128, in _get_response
    response = self.process_exception_by_middleware(e, request)
  File "F:\env\env_mysite\lib\site-packages\django\core\handlers\base.py", line 126, in _get_response
    response = wrapped_callback(request, *callback_args, **callback_kwargs)
  File "F:\django\blog_project\blog\views.py", line 14, in index
    return render(request,'index.html',locals())
  File "F:\env\env_mysite\lib\site-packages\django\shortcuts.py", line 36, in render
    content = loader.render_to_string(template_name, context, request, using=using)
  File "F:\env\env_mysite\lib\site-packages\django\template\loader.py", line 62, in render_to_string
    return template.render(context, request)
  File "F:\env\env_mysite\lib\site-packages\django\template\backends\django.py", line 63, in render
    reraise(exc, self.backend)
  File "F:\env\env_mysite\lib\site-packages\django\template\backends\django.py", line 84, in reraise
    raise new from exc
django.template.exceptions.TemplateDoesNotExist: ad.html
2018-06-04 09:50:02,231 [Thread-3:14228] [django.request:93] [base:get_response] [WARNING]- Not Found: /favicon.ico
2018-06-04 10:57:49,091 [Thread-2:19192] [django.request:118] [exception:handle_uncaught_exception] [ERROR]- Internal Server Error: /
Traceback (most recent call last):
  File "F:\env\env_mysite\lib\site-packages\django\core\handlers\exception.py", line 35, in inner
    response = get_response(request)
  File "F:\env\env_mysite\lib\site-packages\django\core\handlers\base.py", line 128, in _get_response
    response = self.process_exception_by_middleware(e, request)
  File "F:\env\env_mysite\lib\site-packages\django\core\handlers\base.py", line 126, in _get_response
    response = wrapped_callback(request, *callback_args, **callback_kwargs)
  File "F:\django\blog_project\blog\views.py", line 32, in index
    return render(request,'index.html',locals())
  File "F:\env\env_mysite\lib\site-packages\django\shortcuts.py", line 36, in render
    content = loader.render_to_string(template_name, context, request, using=using)
  File "F:\env\env_mysite\lib\site-packages\django\template\loader.py", line 62, in render_to_string
    return template.render(context, request)
  File "F:\env\env_mysite\lib\site-packages\django\template\backends\django.py", line 61, in render
    return self.template.render(context)
  File "F:\env\env_mysite\lib\site-packages\django\template\base.py", line 175, in render
    return self._render(context)
  File "F:\env\env_mysite\lib\site-packages\django\template\base.py", line 167, in _render
    return self.nodelist.render(context)
  File "F:\env\env_mysite\lib\site-packages\django\template\base.py", line 943, in render
    bit = node.render_annotated(context)
  File "F:\env\env_mysite\lib\site-packages\django\template\base.py", line 910, in render_annotated
    return self.render(context)
  File "F:\env\env_mysite\lib\site-packages\django\template\loader_tags.py", line 155, in render
    return compiled_parent._render(context)
  File "F:\env\env_mysite\lib\site-packages\django\template\base.py", line 167, in _render
    return self.nodelist.render(context)
  File "F:\env\env_mysite\lib\site-packages\django\template\base.py", line 943, in render
    bit = node.render_annotated(context)
  File "F:\env\env_mysite\lib\site-packages\django\template\base.py", line 910, in render_annotated
    return self.render(context)
  File "F:\env\env_mysite\lib\site-packages\django\template\loader_tags.py", line 67, in render
    result = block.nodelist.render(context)
  File "F:\env\env_mysite\lib\site-packages\django\template\base.py", line 943, in render
    bit = node.render_annotated(context)
  File "F:\env\env_mysite\lib\site-packages\django\template\base.py", line 910, in render_annotated
    return self.render(context)
  File "F:\env\env_mysite\lib\site-packages\django\template\defaulttags.py", line 211, in render
    nodelist.append(node.render_annotated(context))
  File "F:\env\env_mysite\lib\site-packages\django\template\base.py", line 910, in render_annotated
    return self.render(context)
  File "F:\env\env_mysite\lib\site-packages\django\template\defaulttags.py", line 447, in render
    url = reverse(view_name, args=args, kwargs=kwargs, current_app=current_app)
  File "F:\env\env_mysite\lib\site-packages\django\urls\base.py", line 88, in reverse
    return iri_to_uri(resolver._reverse_with_prefix(view, prefix, *args, **kwargs))
  File "F:\env\env_mysite\lib\site-packages\django\urls\resolvers.py", line 632, in _reverse_with_prefix
    raise NoReverseMatch(msg)
django.urls.exceptions.NoReverseMatch: Reverse for 'article' not found. 'article' is not a valid view function or pattern name.
2018-06-05 11:31:16,488 [Thread-2:18128] [django.request:118] [exception:handle_uncaught_exception] [ERROR]- Internal Server Error: /
Traceback (most recent call last):
  File "F:\env\env_mysite\lib\site-packages\django\core\handlers\exception.py", line 35, in inner
    response = get_response(request)
  File "F:\env\env_mysite\lib\site-packages\django\core\handlers\base.py", line 128, in _get_response
    response = self.process_exception_by_middleware(e, request)
  File "F:\env\env_mysite\lib\site-packages\django\core\handlers\base.py", line 126, in _get_response
    response = wrapped_callback(request, *callback_args, **callback_kwargs)
  File "F:\django\blog_project\blog\views.py", line 34, in index
    return render(request,'index.html',locals())
  File "F:\env\env_mysite\lib\site-packages\django\shortcuts.py", line 36, in render
    content = loader.render_to_string(template_name, context, request, using=using)
  File "F:\env\env_mysite\lib\site-packages\django\template\loader.py", line 62, in render_to_string
    return template.render(context, request)
  File "F:\env\env_mysite\lib\site-packages\django\template\backends\django.py", line 61, in render
    return self.template.render(context)
  File "F:\env\env_mysite\lib\site-packages\django\template\base.py", line 175, in render
    return self._render(context)
  File "F:\env\env_mysite\lib\site-packages\django\template\base.py", line 167, in _render
    return self.nodelist.render(context)
  File "F:\env\env_mysite\lib\site-packages\django\template\base.py", line 943, in render
    bit = node.render_annotated(context)
  File "F:\env\env_mysite\lib\site-packages\django\template\base.py", line 910, in render_annotated
    return self.render(context)
  File "F:\env\env_mysite\lib\site-packages\django\template\loader_tags.py", line 155, in render
    return compiled_parent._render(context)
  File "F:\env\env_mysite\lib\site-packages\django\template\base.py", line 167, in _render
    return self.nodelist.render(context)
  File "F:\env\env_mysite\lib\site-packages\django\template\base.py", line 943, in render
    bit = node.render_annotated(context)
  File "F:\env\env_mysite\lib\site-packages\django\template\base.py", line 910, in render_annotated
    return self.render(context)
  File "F:\env\env_mysite\lib\site-packages\django\template\loader_tags.py", line 67, in render
    result = block.nodelist.render(context)
  File "F:\env\env_mysite\lib\site-packages\django\template\base.py", line 943, in render
    bit = node.render_annotated(context)
  File "F:\env\env_mysite\lib\site-packages\django\template\base.py", line 910, in render_annotated
    return self.render(context)
  File "F:\env\env_mysite\lib\site-packages\django\template\defaulttags.py", line 211, in render
    nodelist.append(node.render_annotated(context))
  File "F:\env\env_mysite\lib\site-packages\django\template\base.py", line 910, in render_annotated
    return self.render(context)
  File "F:\env\env_mysite\lib\site-packages\django\template\defaulttags.py", line 447, in render
    url = reverse(view_name, args=args, kwargs=kwargs, current_app=current_app)
  File "F:\env\env_mysite\lib\site-packages\django\urls\base.py", line 88, in reverse
    return iri_to_uri(resolver._reverse_with_prefix(view, prefix, *args, **kwargs))
  File "F:\env\env_mysite\lib\site-packages\django\urls\resolvers.py", line 632, in _reverse_with_prefix
    raise NoReverseMatch(msg)
django.urls.exceptions.NoReverseMatch: Reverse for 'article' not found. 'article' is not a valid view function or pattern name.
2018-06-05 11:31:17,088 [Thread-3:13524] [django.request:93] [base:get_response] [WARNING]- Not Found: /favicon.ico
2018-06-05 14:57:15,213 [Thread-16:16404] [django.request:93] [base:get_response] [WARNING]- Not Found: /favicon.ico
2018-06-05 14:57:25,196 [Thread-31:19132] [django.request:118] [exception:handle_uncaught_exception] [ERROR]- Internal Server Error: /
Traceback (most recent call last):
  File "F:\env\env_mysite\lib\site-packages\django\core\handlers\exception.py", line 35, in inner
    response = get_response(request)
  File "F:\env\env_mysite\lib\site-packages\django\core\handlers\base.py", line 128, in _get_response
    response = self.process_exception_by_middleware(e, request)
  File "F:\env\env_mysite\lib\site-packages\django\core\handlers\base.py", line 126, in _get_response
    response = wrapped_callback(request, *callback_args, **callback_kwargs)
  File "F:\django\blog_project\blog\views.py", line 34, in index
    return render(request,'index.html',locals())
  File "F:\env\env_mysite\lib\site-packages\django\shortcuts.py", line 36, in render
    content = loader.render_to_string(template_name, context, request, using=using)
  File "F:\env\env_mysite\lib\site-packages\django\template\loader.py", line 62, in render_to_string
    return template.render(context, request)
  File "F:\env\env_mysite\lib\site-packages\django\template\backends\django.py", line 61, in render
    return self.template.render(context)
  File "F:\env\env_mysite\lib\site-packages\django\template\base.py", line 175, in render
    return self._render(context)
  File "F:\env\env_mysite\lib\site-packages\django\template\base.py", line 167, in _render
    return self.nodelist.render(context)
  File "F:\env\env_mysite\lib\site-packages\django\template\base.py", line 943, in render
    bit = node.render_annotated(context)
  File "F:\env\env_mysite\lib\site-packages\django\template\base.py", line 910, in render_annotated
    return self.render(context)
  File "F:\env\env_mysite\lib\site-packages\django\template\loader_tags.py", line 155, in render
    return compiled_parent._render(context)
  File "F:\env\env_mysite\lib\site-packages\django\template\base.py", line 167, in _render
    return self.nodelist.render(context)
  File "F:\env\env_mysite\lib\site-packages\django\template\base.py", line 943, in render
    bit = node.render_annotated(context)
  File "F:\env\env_mysite\lib\site-packages\django\template\base.py", line 910, in render_annotated
    return self.render(context)
  File "F:\env\env_mysite\lib\site-packages\django\template\loader_tags.py", line 67, in render
    result = block.nodelist.render(context)
  File "F:\env\env_mysite\lib\site-packages\django\template\base.py", line 943, in render
    bit = node.render_annotated(context)
  File "F:\env\env_mysite\lib\site-packages\django\template\base.py", line 910, in render_annotated
    return self.render(context)
  File "F:\env\env_mysite\lib\site-packages\django\template\defaulttags.py", line 211, in render
    nodelist.append(node.render_annotated(context))
  File "F:\env\env_mysite\lib\site-packages\django\template\base.py", line 910, in render_annotated
    return self.render(context)
  File "F:\env\env_mysite\lib\site-packages\django\template\defaulttags.py", line 447, in render
    url = reverse(view_name, args=args, kwargs=kwargs, current_app=current_app)
  File "F:\env\env_mysite\lib\site-packages\django\urls\base.py", line 88, in reverse
    return iri_to_uri(resolver._reverse_with_prefix(view, prefix, *args, **kwargs))
  File "F:\env\env_mysite\lib\site-packages\django\urls\resolvers.py", line 632, in _reverse_with_prefix
    raise NoReverseMatch(msg)
django.urls.exceptions.NoReverseMatch: Reverse for 'article' not found. 'article' is not a valid view function or pattern name.
2018-06-05 15:09:41,840 [Thread-2:3360] [django.request:118] [exception:handle_uncaught_exception] [ERROR]- Internal Server Error: /
Traceback (most recent call last):
  File "F:\env\env_mysite\lib\site-packages\django\core\handlers\exception.py", line 35, in inner
    response = get_response(request)
  File "F:\env\env_mysite\lib\site-packages\django\core\handlers\base.py", line 128, in _get_response
    response = self.process_exception_by_middleware(e, request)
  File "F:\env\env_mysite\lib\site-packages\django\core\handlers\base.py", line 126, in _get_response
    response = wrapped_callback(request, *callback_args, **callback_kwargs)
  File "F:\django\blog_project\blog\views.py", line 58, in index
    return render(request, 'index.html', locals())
  File "F:\env\env_mysite\lib\site-packages\django\shortcuts.py", line 36, in render
    content = loader.render_to_string(template_name, context, request, using=using)
  File "F:\env\env_mysite\lib\site-packages\django\template\loader.py", line 62, in render_to_string
    return template.render(context, request)
  File "F:\env\env_mysite\lib\site-packages\django\template\backends\django.py", line 61, in render
    return self.template.render(context)
  File "F:\env\env_mysite\lib\site-packages\django\template\base.py", line 173, in render
    with context.bind_template(self):
  File "e:\python3.6\Lib\contextlib.py", line 81, in __enter__
    return next(self.gen)
  File "F:\env\env_mysite\lib\site-packages\django\template\context.py", line 250, in bind_template
    updates.update(processor(self.request))
  File "F:\django\blog_project\blog\views.py", line 26, in global_setting
    archive_list = Article.objects.distinct_date()
  File "F:\django\blog_project\blog\models.py", line 56, in distinct_date
    date = date['date_publish'].strftime('%Y/%m')
UnicodeEncodeError: 'locale' codec can't encode character '\u6587' in position 5: Illegal byte sequence
2018-06-05 15:09:56,819 [Thread-8:5344] [django.request:118] [exception:handle_uncaught_exception] [ERROR]- Internal Server Error: /
Traceback (most recent call last):
  File "F:\env\env_mysite\lib\site-packages\django\core\handlers\exception.py", line 35, in inner
    response = get_response(request)
  File "F:\env\env_mysite\lib\site-packages\django\core\handlers\base.py", line 128, in _get_response
    response = self.process_exception_by_middleware(e, request)
  File "F:\env\env_mysite\lib\site-packages\django\core\handlers\base.py", line 126, in _get_response
    response = wrapped_callback(request, *callback_args, **callback_kwargs)
  File "F:\django\blog_project\blog\views.py", line 58, in index
    return render(request, 'index.html', locals())
  File "F:\env\env_mysite\lib\site-packages\django\shortcuts.py", line 36, in render
    content = loader.render_to_string(template_name, context, request, using=using)
  File "F:\env\env_mysite\lib\site-packages\django\template\loader.py", line 62, in render_to_string
    return template.render(context, request)
  File "F:\env\env_mysite\lib\site-packages\django\template\backends\django.py", line 61, in render
    return self.template.render(context)
  File "F:\env\env_mysite\lib\site-packages\django\template\base.py", line 173, in render
    with context.bind_template(self):
  File "e:\python3.6\Lib\contextlib.py", line 81, in __enter__
    return next(self.gen)
  File "F:\env\env_mysite\lib\site-packages\django\template\context.py", line 250, in bind_template
    updates.update(processor(self.request))
  File "F:\django\blog_project\blog\views.py", line 26, in global_setting
    archive_list = Article.objects.distinct_date()
  File "F:\django\blog_project\blog\models.py", line 56, in distinct_date
    date = date['date_publish'].strftime('%Y/%m')
UnicodeEncodeError: 'locale' codec can't encode character '\u6587' in position 5: Illegal byte sequence
2018-06-05 15:12:50,327 [Thread-2:4704] [django.request:118] [exception:handle_uncaught_exception] [ERROR]- Internal Server Error: /
Traceback (most recent call last):
  File "F:\env\env_mysite\lib\site-packages\django\core\handlers\exception.py", line 35, in inner
    response = get_response(request)
  File "F:\env\env_mysite\lib\site-packages\django\core\handlers\base.py", line 128, in _get_response
    response = self.process_exception_by_middleware(e, request)
  File "F:\env\env_mysite\lib\site-packages\django\core\handlers\base.py", line 126, in _get_response
    response = wrapped_callback(request, *callback_args, **callback_kwargs)
  File "F:\django\blog_project\blog\views.py", line 58, in index
    return render(request, 'index.html', locals())
  File "F:\env\env_mysite\lib\site-packages\django\shortcuts.py", line 36, in render
    content = loader.render_to_string(template_name, context, request, using=using)
  File "F:\env\env_mysite\lib\site-packages\django\template\loader.py", line 62, in render_to_string
    return template.render(context, request)
  File "F:\env\env_mysite\lib\site-packages\django\template\backends\django.py", line 61, in render
    return self.template.render(context)
  File "F:\env\env_mysite\lib\site-packages\django\template\base.py", line 173, in render
    with context.bind_template(self):
  File "e:\python3.6\Lib\contextlib.py", line 81, in __enter__
    return next(self.gen)
  File "F:\env\env_mysite\lib\site-packages\django\template\context.py", line 250, in bind_template
    updates.update(processor(self.request))
  File "F:\django\blog_project\blog\views.py", line 26, in global_setting
    archive_list = Article.objects.distinct_date()
  File "F:\django\blog_project\blog\models.py", line 56, in distinct_date
    date = date['date_publish'].strftime('%Y/%m')
UnicodeEncodeError: 'locale' codec can't encode character '\u6587' in position 5: Illegal byte sequence
2018-06-05 15:14:08,423 [Thread-2:12800] [django.request:118] [exception:handle_uncaught_exception] [ERROR]- Internal Server Error: /
Traceback (most recent call last):
  File "F:\env\env_mysite\lib\site-packages\django\core\handlers\exception.py", line 35, in inner
    response = get_response(request)
  File "F:\env\env_mysite\lib\site-packages\django\core\handlers\base.py", line 128, in _get_response
    response = self.process_exception_by_middleware(e, request)
  File "F:\env\env_mysite\lib\site-packages\django\core\handlers\base.py", line 126, in _get_response
    response = wrapped_callback(request, *callback_args, **callback_kwargs)
  File "F:\django\blog_project\blog\views.py", line 58, in index
    return render(request, 'index.html', locals())
  File "F:\env\env_mysite\lib\site-packages\django\shortcuts.py", line 36, in render
    content = loader.render_to_string(template_name, context, request, using=using)
  File "F:\env\env_mysite\lib\site-packages\django\template\loader.py", line 62, in render_to_string
    return template.render(context, request)
  File "F:\env\env_mysite\lib\site-packages\django\template\backends\django.py", line 61, in render
    return self.template.render(context)
  File "F:\env\env_mysite\lib\site-packages\django\template\base.py", line 175, in render
    return self._render(context)
  File "F:\env\env_mysite\lib\site-packages\django\template\base.py", line 167, in _render
    return self.nodelist.render(context)
  File "F:\env\env_mysite\lib\site-packages\django\template\base.py", line 943, in render
    bit = node.render_annotated(context)
  File "F:\env\env_mysite\lib\site-packages\django\template\base.py", line 910, in render_annotated
    return self.render(context)
  File "F:\env\env_mysite\lib\site-packages\django\template\loader_tags.py", line 155, in render
    return compiled_parent._render(context)
  File "F:\env\env_mysite\lib\site-packages\django\template\base.py", line 167, in _render
    return self.nodelist.render(context)
  File "F:\env\env_mysite\lib\site-packages\django\template\base.py", line 943, in render
    bit = node.render_annotated(context)
  File "F:\env\env_mysite\lib\site-packages\django\template\base.py", line 910, in render_annotated
    return self.render(context)
  File "F:\env\env_mysite\lib\site-packages\django\template\loader_tags.py", line 67, in render
    result = block.nodelist.render(context)
  File "F:\env\env_mysite\lib\site-packages\django\template\base.py", line 943, in render
    bit = node.render_annotated(context)
  File "F:\env\env_mysite\lib\site-packages\django\template\base.py", line 910, in render_annotated
    return self.render(context)
  File "F:\env\env_mysite\lib\site-packages\django\template\defaulttags.py", line 211, in render
    nodelist.append(node.render_annotated(context))
  File "F:\env\env_mysite\lib\site-packages\django\template\base.py", line 910, in render_annotated
    return self.render(context)
  File "F:\env\env_mysite\lib\site-packages\django\template\defaulttags.py", line 447, in render
    url = reverse(view_name, args=args, kwargs=kwargs, current_app=current_app)
  File "F:\env\env_mysite\lib\site-packages\django\urls\base.py", line 88, in reverse
    return iri_to_uri(resolver._reverse_with_prefix(view, prefix, *args, **kwargs))
  File "F:\env\env_mysite\lib\site-packages\django\urls\resolvers.py", line 632, in _reverse_with_prefix
    raise NoReverseMatch(msg)
django.urls.exceptions.NoReverseMatch: Reverse for 'article' not found. 'article' is not a valid view function or pattern name.
2018-06-05 15:14:58,569 [Thread-2:14284] [django.request:118] [exception:handle_uncaught_exception] [ERROR]- Internal Server Error: /
Traceback (most recent call last):
  File "F:\env\env_mysite\lib\site-packages\django\core\handlers\exception.py", line 35, in inner
    response = get_response(request)
  File "F:\env\env_mysite\lib\site-packages\django\core\handlers\base.py", line 128, in _get_response
    response = self.process_exception_by_middleware(e, request)
  File "F:\env\env_mysite\lib\site-packages\django\core\handlers\base.py", line 126, in _get_response
    response = wrapped_callback(request, *callback_args, **callback_kwargs)
  File "F:\django\blog_project\blog\views.py", line 58, in index
    return render(request, 'index.html', locals())
  File "F:\env\env_mysite\lib\site-packages\django\shortcuts.py", line 36, in render
    content = loader.render_to_string(template_name, context, request, using=using)
  File "F:\env\env_mysite\lib\site-packages\django\template\loader.py", line 62, in render_to_string
    return template.render(context, request)
  File "F:\env\env_mysite\lib\site-packages\django\template\backends\django.py", line 61, in render
    return self.template.render(context)
  File "F:\env\env_mysite\lib\site-packages\django\template\base.py", line 173, in render
    with context.bind_template(self):
  File "e:\python3.6\Lib\contextlib.py", line 81, in __enter__
    return next(self.gen)
  File "F:\env\env_mysite\lib\site-packages\django\template\context.py", line 250, in bind_template
    updates.update(processor(self.request))
  File "F:\django\blog_project\blog\views.py", line 26, in global_setting
    archive_list = Article.objects.distinct_date()
  File "F:\django\blog_project\blog\models.py", line 56, in distinct_date
    date = date['date_publish'].strftime('%Y/%m')
UnicodeEncodeError: 'locale' codec can't encode character '\u6587' in position 5: Illegal byte sequence
2018-06-05 15:23:03,803 [Thread-2:6364] [django.request:118] [exception:handle_uncaught_exception] [ERROR]- Internal Server Error: /
Traceback (most recent call last):
  File "F:\env\env_mysite\lib\site-packages\django\core\handlers\exception.py", line 35, in inner
    response = get_response(request)
  File "F:\env\env_mysite\lib\site-packages\django\core\handlers\base.py", line 128, in _get_response
    response = self.process_exception_by_middleware(e, request)
  File "F:\env\env_mysite\lib\site-packages\django\core\handlers\base.py", line 126, in _get_response
    response = wrapped_callback(request, *callback_args, **callback_kwargs)
  File "F:\django\blog_project\blog\views.py", line 58, in index
    return render(request, 'index.html', locals())
  File "F:\env\env_mysite\lib\site-packages\django\shortcuts.py", line 36, in render
    content = loader.render_to_string(template_name, context, request, using=using)
  File "F:\env\env_mysite\lib\site-packages\django\template\loader.py", line 62, in render_to_string
    return template.render(context, request)
  File "F:\env\env_mysite\lib\site-packages\django\template\backends\django.py", line 61, in render
    return self.template.render(context)
  File "F:\env\env_mysite\lib\site-packages\django\template\base.py", line 173, in render
    with context.bind_template(self):
  File "e:\python3.6\Lib\contextlib.py", line 81, in __enter__
    return next(self.gen)
  File "F:\env\env_mysite\lib\site-packages\django\template\context.py", line 250, in bind_template
    updates.update(processor(self.request))
  File "F:\django\blog_project\blog\views.py", line 26, in global_setting
    archive_list = Article.objects.distinct_date()
  File "F:\django\blog_project\blog\models.py", line 56, in distinct_date
    date = date['date_publish'].strftime('%Y/%m')
UnicodeEncodeError: 'locale' codec can't encode character '\u6587' in position 5: Illegal byte sequence
2018-06-05 15:24:40,808 [Thread-11:10856] [django.request:118] [exception:handle_uncaught_exception] [ERROR]- Internal Server Error: /article/
Traceback (most recent call last):
  File "F:\env\env_mysite\lib\site-packages\django\template\defaulttags.py", line 1025, in find_library
    return parser.libraries[name]
KeyError: 'myfilter'

During handling of the above exception, another exception occurred:

Traceback (most recent call last):
  File "F:\env\env_mysite\lib\site-packages\django\core\handlers\exception.py", line 35, in inner
    response = get_response(request)
  File "F:\env\env_mysite\lib\site-packages\django\core\handlers\base.py", line 128, in _get_response
    response = self.process_exception_by_middleware(e, request)
  File "F:\env\env_mysite\lib\site-packages\django\core\handlers\base.py", line 126, in _get_response
    response = wrapped_callback(request, *callback_args, **callback_kwargs)
  File "F:\django\blog_project\blog\views.py", line 121, in article
    return render(request, 'article.html', locals())
  File "F:\env\env_mysite\lib\site-packages\django\shortcuts.py", line 36, in render
    content = loader.render_to_string(template_name, context, request, using=using)
  File "F:\env\env_mysite\lib\site-packages\django\template\loader.py", line 61, in render_to_string
    template = get_template(template_name, using=using)
  File "F:\env\env_mysite\lib\site-packages\django\template\loader.py", line 15, in get_template
    return engine.get_template(template_name)
  File "F:\env\env_mysite\lib\site-packages\django\template\backends\django.py", line 34, in get_template
    return Template(self.engine.get_template(template_name), self)
  File "F:\env\env_mysite\lib\site-packages\django\template\engine.py", line 144, in get_template
    template, origin = self.find_template(template_name)
  File "F:\env\env_mysite\lib\site-packages\django\template\engine.py", line 126, in find_template
    template = loader.get_template(name, skip=skip)
  File "F:\env\env_mysite\lib\site-packages\django\template\loaders\base.py", line 30, in get_template
    contents, origin, origin.template_name, self.engine,
  File "F:\env\env_mysite\lib\site-packages\django\template\base.py", line 160, in __init__
    self.nodelist = self.compile_nodelist()
  File "F:\env\env_mysite\lib\site-packages\django\template\base.py", line 198, in compile_nodelist
    return parser.parse()
  File "F:\env\env_mysite\lib\site-packages\django\template\base.py", line 483, in parse
    raise self.error(token, e)
  File "F:\env\env_mysite\lib\site-packages\django\template\base.py", line 481, in parse
    compiled_result = compile_func(self, token)
  File "F:\env\env_mysite\lib\site-packages\django\template\loader_tags.py", line 290, in do_extends
    nodelist = parser.parse()
  File "F:\env\env_mysite\lib\site-packages\django\template\base.py", line 483, in parse
    raise self.error(token, e)
  File "F:\env\env_mysite\lib\site-packages\django\template\base.py", line 481, in parse
    compiled_result = compile_func(self, token)
  File "F:\env\env_mysite\lib\site-packages\django\template\defaulttags.py", line 1082, in load
    lib = find_library(parser, name)
  File "F:\env\env_mysite\lib\site-packages\django\template\defaulttags.py", line 1029, in find_library
    name, "\n".join(sorted(parser.libraries)),
django.template.exceptions.TemplateSyntaxError: 'myfilter' is not a registered tag library. Must be one of:
admin_list
admin_modify
admin_static
admin_urls
cache
i18n
l10n
log
static
staticfiles
tz
2018-06-05 15:25:59,304 [Thread-2:14072] [django.request:118] [exception:handle_uncaught_exception] [ERROR]- Internal Server Error: /
Traceback (most recent call last):
  File "F:\env\env_mysite\lib\site-packages\django\core\handlers\exception.py", line 35, in inner
    response = get_response(request)
  File "F:\env\env_mysite\lib\site-packages\django\core\handlers\base.py", line 128, in _get_response
    response = self.process_exception_by_middleware(e, request)
  File "F:\env\env_mysite\lib\site-packages\django\core\handlers\base.py", line 126, in _get_response
    response = wrapped_callback(request, *callback_args, **callback_kwargs)
  File "F:\django\blog_project\blog\views.py", line 58, in index
    return render(request, 'index.html', locals())
  File "F:\env\env_mysite\lib\site-packages\django\shortcuts.py", line 36, in render
    content = loader.render_to_string(template_name, context, request, using=using)
  File "F:\env\env_mysite\lib\site-packages\django\template\loader.py", line 62, in render_to_string
    return template.render(context, request)
  File "F:\env\env_mysite\lib\site-packages\django\template\backends\django.py", line 61, in render
    return self.template.render(context)
  File "F:\env\env_mysite\lib\site-packages\django\template\base.py", line 173, in render
    with context.bind_template(self):
  File "e:\python3.6\Lib\contextlib.py", line 81, in __enter__
    return next(self.gen)
  File "F:\env\env_mysite\lib\site-packages\django\template\context.py", line 250, in bind_template
    updates.update(processor(self.request))
  File "F:\django\blog_project\blog\views.py", line 26, in global_setting
    archive_list = Article.objects.distinct_date()
  File "F:\django\blog_project\blog\models.py", line 56, in distinct_date
    date = date['date_publish'].strftime('%Y/%m','')
TypeError: strftime() takes at most 1 argument (2 given)
2018-06-05 15:26:54,995 [Thread-5:8888] [django.request:118] [exception:handle_uncaught_exception] [ERROR]- Internal Server Error: /article/
Traceback (most recent call last):
  File "F:\env\env_mysite\lib\site-packages\django\template\defaulttags.py", line 1025, in find_library
    return parser.libraries[name]
KeyError: 'myfilter'

During handling of the above exception, another exception occurred:

Traceback (most recent call last):
  File "F:\env\env_mysite\lib\site-packages\django\core\handlers\exception.py", line 35, in inner
    response = get_response(request)
  File "F:\env\env_mysite\lib\site-packages\django\core\handlers\base.py", line 128, in _get_response
    response = self.process_exception_by_middleware(e, request)
  File "F:\env\env_mysite\lib\site-packages\django\core\handlers\base.py", line 126, in _get_response
    response = wrapped_callback(request, *callback_args, **callback_kwargs)
  File "F:\django\blog_project\blog\views.py", line 121, in article
    return render(request, 'article.html', locals())
  File "F:\env\env_mysite\lib\site-packages\django\shortcuts.py", line 36, in render
    content = loader.render_to_string(template_name, context, request, using=using)
  File "F:\env\env_mysite\lib\site-packages\django\template\loader.py", line 61, in render_to_string
    template = get_template(template_name, using=using)
  File "F:\env\env_mysite\lib\site-packages\django\template\loader.py", line 15, in get_template
    return engine.get_template(template_name)
  File "F:\env\env_mysite\lib\site-packages\django\template\backends\django.py", line 34, in get_template
    return Template(self.engine.get_template(template_name), self)
  File "F:\env\env_mysite\lib\site-packages\django\template\engine.py", line 144, in get_template
    template, origin = self.find_template(template_name)
  File "F:\env\env_mysite\lib\site-packages\django\template\engine.py", line 126, in find_template
    template = loader.get_template(name, skip=skip)
  File "F:\env\env_mysite\lib\site-packages\django\template\loaders\base.py", line 30, in get_template
    contents, origin, origin.template_name, self.engine,
  File "F:\env\env_mysite\lib\site-packages\django\template\base.py", line 160, in __init__
    self.nodelist = self.compile_nodelist()
  File "F:\env\env_mysite\lib\site-packages\django\template\base.py", line 198, in compile_nodelist
    return parser.parse()
  File "F:\env\env_mysite\lib\site-packages\django\template\base.py", line 483, in parse
    raise self.error(token, e)
  File "F:\env\env_mysite\lib\site-packages\django\template\base.py", line 481, in parse
    compiled_result = compile_func(self, token)
  File "F:\env\env_mysite\lib\site-packages\django\template\loader_tags.py", line 290, in do_extends
    nodelist = parser.parse()
  File "F:\env\env_mysite\lib\site-packages\django\template\base.py", line 483, in parse
    raise self.error(token, e)
  File "F:\env\env_mysite\lib\site-packages\django\template\base.py", line 481, in parse
    compiled_result = compile_func(self, token)
  File "F:\env\env_mysite\lib\site-packages\django\template\defaulttags.py", line 1082, in load
    lib = find_library(parser, name)
  File "F:\env\env_mysite\lib\site-packages\django\template\defaulttags.py", line 1029, in find_library
    name, "\n".join(sorted(parser.libraries)),
django.template.exceptions.TemplateSyntaxError: 'myfilter' is not a registered tag library. Must be one of:
admin_list
admin_modify
admin_static
admin_urls
cache
i18n
l10n
log
static
staticfiles
tz
2018-06-05 15:28:02,455 [Thread-2:16144] [django.request:118] [exception:handle_uncaught_exception] [ERROR]- Internal Server Error: /article/
Traceback (most recent call last):
  File "F:\env\env_mysite\lib\site-packages\django\template\defaulttags.py", line 1025, in find_library
    return parser.libraries[name]
KeyError: 'myfilter'

During handling of the above exception, another exception occurred:

Traceback (most recent call last):
  File "F:\env\env_mysite\lib\site-packages\django\core\handlers\exception.py", line 35, in inner
    response = get_response(request)
  File "F:\env\env_mysite\lib\site-packages\django\core\handlers\base.py", line 128, in _get_response
    response = self.process_exception_by_middleware(e, request)
  File "F:\env\env_mysite\lib\site-packages\django\core\handlers\base.py", line 126, in _get_response
    response = wrapped_callback(request, *callback_args, **callback_kwargs)
  File "F:\django\blog_project\blog\views.py", line 121, in article
    return render(request, 'article.html', locals())
  File "F:\env\env_mysite\lib\site-packages\django\shortcuts.py", line 36, in render
    content = loader.render_to_string(template_name, context, request, using=using)
  File "F:\env\env_mysite\lib\site-packages\django\template\loader.py", line 61, in render_to_string
    template = get_template(template_name, using=using)
  File "F:\env\env_mysite\lib\site-packages\django\template\loader.py", line 15, in get_template
    return engine.get_template(template_name)
  File "F:\env\env_mysite\lib\site-packages\django\template\backends\django.py", line 34, in get_template
    return Template(self.engine.get_template(template_name), self)
  File "F:\env\env_mysite\lib\site-packages\django\template\engine.py", line 144, in get_template
    template, origin = self.find_template(template_name)
  File "F:\env\env_mysite\lib\site-packages\django\template\engine.py", line 126, in find_template
    template = loader.get_template(name, skip=skip)
  File "F:\env\env_mysite\lib\site-packages\django\template\loaders\base.py", line 30, in get_template
    contents, origin, origin.template_name, self.engine,
  File "F:\env\env_mysite\lib\site-packages\django\template\base.py", line 160, in __init__
    self.nodelist = self.compile_nodelist()
  File "F:\env\env_mysite\lib\site-packages\django\template\base.py", line 198, in compile_nodelist
    return parser.parse()
  File "F:\env\env_mysite\lib\site-packages\django\template\base.py", line 483, in parse
    raise self.error(token, e)
  File "F:\env\env_mysite\lib\site-packages\django\template\base.py", line 481, in parse
    compiled_result = compile_func(self, token)
  File "F:\env\env_mysite\lib\site-packages\django\template\loader_tags.py", line 290, in do_extends
    nodelist = parser.parse()
  File "F:\env\env_mysite\lib\site-packages\django\template\base.py", line 483, in parse
    raise self.error(token, e)
  File "F:\env\env_mysite\lib\site-packages\django\template\base.py", line 481, in parse
    compiled_result = compile_func(self, token)
  File "F:\env\env_mysite\lib\site-packages\django\template\defaulttags.py", line 1082, in load
    lib = find_library(parser, name)
  File "F:\env\env_mysite\lib\site-packages\django\template\defaulttags.py", line 1029, in find_library
    name, "\n".join(sorted(parser.libraries)),
django.template.exceptions.TemplateSyntaxError: 'myfilter' is not a registered tag library. Must be one of:
admin_list
admin_modify
admin_static
admin_urls
cache
i18n
l10n
log
static
staticfiles
tz
2018-06-05 15:29:33,493 [Thread-6:14988] [django.request:118] [exception:handle_uncaught_exception] [ERROR]- Internal Server Error: /article/
Traceback (most recent call last):
  File "F:\env\env_mysite\lib\site-packages\django\template\defaulttags.py", line 1025, in find_library
    return parser.libraries[name]
KeyError: 'myfilter'

During handling of the above exception, another exception occurred:

Traceback (most recent call last):
  File "F:\env\env_mysite\lib\site-packages\django\core\handlers\exception.py", line 35, in inner
    response = get_response(request)
  File "F:\env\env_mysite\lib\site-packages\django\core\handlers\base.py", line 128, in _get_response
    response = self.process_exception_by_middleware(e, request)
  File "F:\env\env_mysite\lib\site-packages\django\core\handlers\base.py", line 126, in _get_response
    response = wrapped_callback(request, *callback_args, **callback_kwargs)
  File "F:\django\blog_project\blog\views.py", line 121, in article
    return render(request, 'article.html', locals())
  File "F:\env\env_mysite\lib\site-packages\django\shortcuts.py", line 36, in render
    content = loader.render_to_string(template_name, context, request, using=using)
  File "F:\env\env_mysite\lib\site-packages\django\template\loader.py", line 61, in render_to_string
    template = get_template(template_name, using=using)
  File "F:\env\env_mysite\lib\site-packages\django\template\loader.py", line 15, in get_template
    return engine.get_template(template_name)
  File "F:\env\env_mysite\lib\site-packages\django\template\backends\django.py", line 34, in get_template
    return Template(self.engine.get_template(template_name), self)
  File "F:\env\env_mysite\lib\site-packages\django\template\engine.py", line 144, in get_template
    template, origin = self.find_template(template_name)
  File "F:\env\env_mysite\lib\site-packages\django\template\engine.py", line 126, in find_template
    template = loader.get_template(name, skip=skip)
  File "F:\env\env_mysite\lib\site-packages\django\template\loaders\base.py", line 30, in get_template
    contents, origin, origin.template_name, self.engine,
  File "F:\env\env_mysite\lib\site-packages\django\template\base.py", line 160, in __init__
    self.nodelist = self.compile_nodelist()
  File "F:\env\env_mysite\lib\site-packages\django\template\base.py", line 198, in compile_nodelist
    return parser.parse()
  File "F:\env\env_mysite\lib\site-packages\django\template\base.py", line 483, in parse
    raise self.error(token, e)
  File "F:\env\env_mysite\lib\site-packages\django\template\base.py", line 481, in parse
    compiled_result = compile_func(self, token)
  File "F:\env\env_mysite\lib\site-packages\django\template\loader_tags.py", line 290, in do_extends
    nodelist = parser.parse()
  File "F:\env\env_mysite\lib\site-packages\django\template\base.py", line 483, in parse
    raise self.error(token, e)
  File "F:\env\env_mysite\lib\site-packages\django\template\base.py", line 481, in parse
    compiled_result = compile_func(self, token)
  File "F:\env\env_mysite\lib\site-packages\django\template\defaulttags.py", line 1082, in load
    lib = find_library(parser, name)
  File "F:\env\env_mysite\lib\site-packages\django\template\defaulttags.py", line 1029, in find_library
    name, "\n".join(sorted(parser.libraries)),
django.template.exceptions.TemplateSyntaxError: 'myfilter' is not a registered tag library. Must be one of:
admin_list
admin_modify
admin_static
admin_urls
cache
i18n
l10n
log
static
staticfiles
tz
2018-06-05 15:29:35,840 [Thread-7:1756] [django.request:118] [exception:handle_uncaught_exception] [ERROR]- Internal Server Error: /article/
Traceback (most recent call last):
  File "F:\env\env_mysite\lib\site-packages\django\template\defaulttags.py", line 1025, in find_library
    return parser.libraries[name]
KeyError: 'myfilter'

During handling of the above exception, another exception occurred:

Traceback (most recent call last):
  File "F:\env\env_mysite\lib\site-packages\django\core\handlers\exception.py", line 35, in inner
    response = get_response(request)
  File "F:\env\env_mysite\lib\site-packages\django\core\handlers\base.py", line 128, in _get_response
    response = self.process_exception_by_middleware(e, request)
  File "F:\env\env_mysite\lib\site-packages\django\core\handlers\base.py", line 126, in _get_response
    response = wrapped_callback(request, *callback_args, **callback_kwargs)
  File "F:\django\blog_project\blog\views.py", line 121, in article
    return render(request, 'article.html', locals())
  File "F:\env\env_mysite\lib\site-packages\django\shortcuts.py", line 36, in render
    content = loader.render_to_string(template_name, context, request, using=using)
  File "F:\env\env_mysite\lib\site-packages\django\template\loader.py", line 61, in render_to_string
    template = get_template(template_name, using=using)
  File "F:\env\env_mysite\lib\site-packages\django\template\loader.py", line 15, in get_template
    return engine.get_template(template_name)
  File "F:\env\env_mysite\lib\site-packages\django\template\backends\django.py", line 34, in get_template
    return Template(self.engine.get_template(template_name), self)
  File "F:\env\env_mysite\lib\site-packages\django\template\engine.py", line 144, in get_template
    template, origin = self.find_template(template_name)
  File "F:\env\env_mysite\lib\site-packages\django\template\engine.py", line 126, in find_template
    template = loader.get_template(name, skip=skip)
  File "F:\env\env_mysite\lib\site-packages\django\template\loaders\base.py", line 30, in get_template
    contents, origin, origin.template_name, self.engine,
  File "F:\env\env_mysite\lib\site-packages\django\template\base.py", line 160, in __init__
    self.nodelist = self.compile_nodelist()
  File "F:\env\env_mysite\lib\site-packages\django\template\base.py", line 198, in compile_nodelist
    return parser.parse()
  File "F:\env\env_mysite\lib\site-packages\django\template\base.py", line 483, in parse
    raise self.error(token, e)
  File "F:\env\env_mysite\lib\site-packages\django\template\base.py", line 481, in parse
    compiled_result = compile_func(self, token)
  File "F:\env\env_mysite\lib\site-packages\django\template\loader_tags.py", line 290, in do_extends
    nodelist = parser.parse()
  File "F:\env\env_mysite\lib\site-packages\django\template\base.py", line 483, in parse
    raise self.error(token, e)
  File "F:\env\env_mysite\lib\site-packages\django\template\base.py", line 481, in parse
    compiled_result = compile_func(self, token)
  File "F:\env\env_mysite\lib\site-packages\django\template\defaulttags.py", line 1082, in load
    lib = find_library(parser, name)
  File "F:\env\env_mysite\lib\site-packages\django\template\defaulttags.py", line 1029, in find_library
    name, "\n".join(sorted(parser.libraries)),
django.template.exceptions.TemplateSyntaxError: 'myfilter' is not a registered tag library. Must be one of:
admin_list
admin_modify
admin_static
admin_urls
cache
i18n
l10n
log
static
staticfiles
tz
2018-06-05 15:29:49,636 [Thread-10:11012] [django.request:118] [exception:handle_uncaught_exception] [ERROR]- Internal Server Error: /article/
Traceback (most recent call last):
  File "F:\env\env_mysite\lib\site-packages\django\template\defaulttags.py", line 1025, in find_library
    return parser.libraries[name]
KeyError: 'myfilter'

During handling of the above exception, another exception occurred:

Traceback (most recent call last):
  File "F:\env\env_mysite\lib\site-packages\django\core\handlers\exception.py", line 35, in inner
    response = get_response(request)
  File "F:\env\env_mysite\lib\site-packages\django\core\handlers\base.py", line 128, in _get_response
    response = self.process_exception_by_middleware(e, request)
  File "F:\env\env_mysite\lib\site-packages\django\core\handlers\base.py", line 126, in _get_response
    response = wrapped_callback(request, *callback_args, **callback_kwargs)
  File "F:\django\blog_project\blog\views.py", line 121, in article
    return render(request, 'article.html', locals())
  File "F:\env\env_mysite\lib\site-packages\django\shortcuts.py", line 36, in render
    content = loader.render_to_string(template_name, context, request, using=using)
  File "F:\env\env_mysite\lib\site-packages\django\template\loader.py", line 61, in render_to_string
    template = get_template(template_name, using=using)
  File "F:\env\env_mysite\lib\site-packages\django\template\loader.py", line 15, in get_template
    return engine.get_template(template_name)
  File "F:\env\env_mysite\lib\site-packages\django\template\backends\django.py", line 34, in get_template
    return Template(self.engine.get_template(template_name), self)
  File "F:\env\env_mysite\lib\site-packages\django\template\engine.py", line 144, in get_template
    template, origin = self.find_template(template_name)
  File "F:\env\env_mysite\lib\site-packages\django\template\engine.py", line 126, in find_template
    template = loader.get_template(name, skip=skip)
  File "F:\env\env_mysite\lib\site-packages\django\template\loaders\base.py", line 30, in get_template
    contents, origin, origin.template_name, self.engine,
  File "F:\env\env_mysite\lib\site-packages\django\template\base.py", line 160, in __init__
    self.nodelist = self.compile_nodelist()
  File "F:\env\env_mysite\lib\site-packages\django\template\base.py", line 198, in compile_nodelist
    return parser.parse()
  File "F:\env\env_mysite\lib\site-packages\django\template\base.py", line 483, in parse
    raise self.error(token, e)
  File "F:\env\env_mysite\lib\site-packages\django\template\base.py", line 481, in parse
    compiled_result = compile_func(self, token)
  File "F:\env\env_mysite\lib\site-packages\django\template\loader_tags.py", line 290, in do_extends
    nodelist = parser.parse()
  File "F:\env\env_mysite\lib\site-packages\django\template\base.py", line 483, in parse
    raise self.error(token, e)
  File "F:\env\env_mysite\lib\site-packages\django\template\base.py", line 481, in parse
    compiled_result = compile_func(self, token)
  File "F:\env\env_mysite\lib\site-packages\django\template\defaulttags.py", line 1082, in load
    lib = find_library(parser, name)
  File "F:\env\env_mysite\lib\site-packages\django\template\defaulttags.py", line 1029, in find_library
    name, "\n".join(sorted(parser.libraries)),
django.template.exceptions.TemplateSyntaxError: 'myfilter' is not a registered tag library. Must be one of:
admin_list
admin_modify
admin_static
admin_urls
cache
i18n
l10n
log
static
staticfiles
tz
2018-06-05 15:31:21,147 [Thread-11:9568] [django.request:118] [exception:handle_uncaught_exception] [ERROR]- Internal Server Error: /article/
Traceback (most recent call last):
  File "F:\env\env_mysite\lib\site-packages\django\template\defaulttags.py", line 1025, in find_library
    return parser.libraries[name]
KeyError: 'blog.templatetags.myfilter'

During handling of the above exception, another exception occurred:

Traceback (most recent call last):
  File "F:\env\env_mysite\lib\site-packages\django\core\handlers\exception.py", line 35, in inner
    response = get_response(request)
  File "F:\env\env_mysite\lib\site-packages\django\core\handlers\base.py", line 128, in _get_response
    response = self.process_exception_by_middleware(e, request)
  File "F:\env\env_mysite\lib\site-packages\django\core\handlers\base.py", line 126, in _get_response
    response = wrapped_callback(request, *callback_args, **callback_kwargs)
  File "F:\django\blog_project\blog\views.py", line 121, in article
    return render(request, 'article.html', locals())
  File "F:\env\env_mysite\lib\site-packages\django\shortcuts.py", line 36, in render
    content = loader.render_to_string(template_name, context, request, using=using)
  File "F:\env\env_mysite\lib\site-packages\django\template\loader.py", line 61, in render_to_string
    template = get_template(template_name, using=using)
  File "F:\env\env_mysite\lib\site-packages\django\template\loader.py", line 15, in get_template
    return engine.get_template(template_name)
  File "F:\env\env_mysite\lib\site-packages\django\template\backends\django.py", line 34, in get_template
    return Template(self.engine.get_template(template_name), self)
  File "F:\env\env_mysite\lib\site-packages\django\template\engine.py", line 144, in get_template
    template, origin = self.find_template(template_name)
  File "F:\env\env_mysite\lib\site-packages\django\template\engine.py", line 126, in find_template
    template = loader.get_template(name, skip=skip)
  File "F:\env\env_mysite\lib\site-packages\django\template\loaders\base.py", line 30, in get_template
    contents, origin, origin.template_name, self.engine,
  File "F:\env\env_mysite\lib\site-packages\django\template\base.py", line 160, in __init__
    self.nodelist = self.compile_nodelist()
  File "F:\env\env_mysite\lib\site-packages\django\template\base.py", line 198, in compile_nodelist
    return parser.parse()
  File "F:\env\env_mysite\lib\site-packages\django\template\base.py", line 483, in parse
    raise self.error(token, e)
  File "F:\env\env_mysite\lib\site-packages\django\template\base.py", line 481, in parse
    compiled_result = compile_func(self, token)
  File "F:\env\env_mysite\lib\site-packages\django\template\loader_tags.py", line 290, in do_extends
    nodelist = parser.parse()
  File "F:\env\env_mysite\lib\site-packages\django\template\base.py", line 483, in parse
    raise self.error(token, e)
  File "F:\env\env_mysite\lib\site-packages\django\template\base.py", line 481, in parse
    compiled_result = compile_func(self, token)
  File "F:\env\env_mysite\lib\site-packages\django\template\defaulttags.py", line 1082, in load
    lib = find_library(parser, name)
  File "F:\env\env_mysite\lib\site-packages\django\template\defaulttags.py", line 1029, in find_library
    name, "\n".join(sorted(parser.libraries)),
django.template.exceptions.TemplateSyntaxError: 'blog.templatetags.myfilter' is not a registered tag library. Must be one of:
admin_list
admin_modify
admin_static
admin_urls
cache
i18n
l10n
log
static
staticfiles
tz
2018-06-05 15:38:28,618 [Thread-12:7888] [django.request:118] [exception:handle_uncaught_exception] [ERROR]- Internal Server Error: /article/
Traceback (most recent call last):
  File "F:\env\env_mysite\lib\site-packages\django\template\defaulttags.py", line 1025, in find_library
    return parser.libraries[name]
KeyError: 'myfilter'

During handling of the above exception, another exception occurred:

Traceback (most recent call last):
  File "F:\env\env_mysite\lib\site-packages\django\core\handlers\exception.py", line 35, in inner
    response = get_response(request)
  File "F:\env\env_mysite\lib\site-packages\django\core\handlers\base.py", line 128, in _get_response
    response = self.process_exception_by_middleware(e, request)
  File "F:\env\env_mysite\lib\site-packages\django\core\handlers\base.py", line 126, in _get_response
    response = wrapped_callback(request, *callback_args, **callback_kwargs)
  File "F:\django\blog_project\blog\views.py", line 121, in article
    return render(request, 'article.html', locals())
  File "F:\env\env_mysite\lib\site-packages\django\shortcuts.py", line 36, in render
    content = loader.render_to_string(template_name, context, request, using=using)
  File "F:\env\env_mysite\lib\site-packages\django\template\loader.py", line 61, in render_to_string
    template = get_template(template_name, using=using)
  File "F:\env\env_mysite\lib\site-packages\django\template\loader.py", line 15, in get_template
    return engine.get_template(template_name)
  File "F:\env\env_mysite\lib\site-packages\django\template\backends\django.py", line 34, in get_template
    return Template(self.engine.get_template(template_name), self)
  File "F:\env\env_mysite\lib\site-packages\django\template\engine.py", line 144, in get_template
    template, origin = self.find_template(template_name)
  File "F:\env\env_mysite\lib\site-packages\django\template\engine.py", line 126, in find_template
    template = loader.get_template(name, skip=skip)
  File "F:\env\env_mysite\lib\site-packages\django\template\loaders\base.py", line 30, in get_template
    contents, origin, origin.template_name, self.engine,
  File "F:\env\env_mysite\lib\site-packages\django\template\base.py", line 160, in __init__
    self.nodelist = self.compile_nodelist()
  File "F:\env\env_mysite\lib\site-packages\django\template\base.py", line 198, in compile_nodelist
    return parser.parse()
  File "F:\env\env_mysite\lib\site-packages\django\template\base.py", line 483, in parse
    raise self.error(token, e)
  File "F:\env\env_mysite\lib\site-packages\django\template\base.py", line 481, in parse
    compiled_result = compile_func(self, token)
  File "F:\env\env_mysite\lib\site-packages\django\template\loader_tags.py", line 290, in do_extends
    nodelist = parser.parse()
  File "F:\env\env_mysite\lib\site-packages\django\template\base.py", line 483, in parse
    raise self.error(token, e)
  File "F:\env\env_mysite\lib\site-packages\django\template\base.py", line 481, in parse
    compiled_result = compile_func(self, token)
  File "F:\env\env_mysite\lib\site-packages\django\template\defaulttags.py", line 1082, in load
    lib = find_library(parser, name)
  File "F:\env\env_mysite\lib\site-packages\django\template\defaulttags.py", line 1029, in find_library
    name, "\n".join(sorted(parser.libraries)),
django.template.exceptions.TemplateSyntaxError: 'myfilter' is not a registered tag library. Must be one of:
admin_list
admin_modify
admin_static
admin_urls
cache
i18n
l10n
log
static
staticfiles
tz
